#
# There is insufficient memory for the Java Runtime Environment to continue.
# Native memory allocation (malloc) failed to allocate 2057776 bytes. Error detail: Chunk::new
# Possible reasons:
#   The system is out of physical RAM or swap space
#   This process is running with CompressedOops enabled, and the Java Heap may be blocking the growth of the native heap
# Possible solutions:
#   Reduce memory load on the system
#   Increase physical memory or swap space
#   Check if swap backing store is full
#   Decrease Java heap size (-Xmx/-Xms)
#   Decrease number of Java threads
#   Decrease Java thread stack sizes (-Xss)
#   Set larger code cache with -XX:ReservedCodeCacheSize=
#   JVM is running with Unscaled Compressed Oops mode in which the Java heap is
#     placed in the first 4GB address space. The Java Heap base address is the
#     maximum limit for the native heap growth. Please use -XX:HeapBaseMinAddress
#     to set the Java Heap base and to place the Java Heap above 4GB virtual address.
# This output file may be truncated or incomplete.
#
#  Out of Memory Error (arena.cpp:168), pid=8136, tid=18612
#
# JRE version: OpenJDK Runtime Environment Temurin-21.0.10+7 (21.0.10+7) (build 21.0.10+7-LTS)
# Java VM: OpenJDK 64-Bit Server VM Temurin-21.0.10+7 (21.0.10+7-LTS, mixed mode, sharing, tiered, compressed oops, compressed class ptrs, g1 gc, windows-amd64)
# No core dump will be written. Minidumps are not enabled by default on client versions of Windows
#

---------------  S U M M A R Y ------------

Command Line: --add-modules=ALL-SYSTEM --add-opens=java.base/java.util=ALL-UNNAMED --add-opens=java.base/java.lang=ALL-UNNAMED --add-opens=java.base/sun.nio.fs=ALL-UNNAMED -Declipse.application=org.eclipse.jdt.ls.core.id1 -Dosgi.bundles.defaultStartLevel=4 -Declipse.product=org.eclipse.jdt.ls.core.product -Djava.import.generatesMetadataFilesAtProjectRoot=false -DDetectVMInstallationsJob.disabled=true -Dfile.encoding=utf8 -Xlog:disable -javaagent:c:\Users\Shivam kashyap\.vscode\extensions\redhat.java-1.54.0-win32-x64\lombok\lombok-1.18.39-4050.jar -XX:+HeapDumpOnOutOfMemoryError -XX:HeapDumpPath=c:\Users\Shivam kashyap\AppData\Roaming\Code\User\workspaceStorage\b45f4505078a78ac88fad20cdb7fce0f\redhat.java -Daether.dependencyCollector.impl=bf c:\Users\Shivam kashyap\.vscode\extensions\redhat.java-1.54.0-win32-x64\server\plugins\org.eclipse.equinox.launcher_1.7.100.v20251111-0406.jar -configuration c:\Users\Shivam kashyap\AppData\Roaming\Code\User\globalStorage\redhat.java\1.54.0\config_win -data c:\Users\Shivam kashyap\AppData\Roaming\Code\User\workspaceStorage\b45f4505078a78ac88fad20cdb7fce0f\redhat.java\jdt_ws --pipe=\\.\pipe\lsp-d9fc6e2d378dfe3a096467eae3d12ced-sock

Host: AMD Ryzen 5 5600H with Radeon Graphics         , 12 cores, 7G,  Windows 11 , 64 bit Build 26100 (10.0.26100.8246)
Time: Fri May  1 20:47:37 2026 India Standard Time elapsed time: 34.969611 seconds (0d 0h 0m 34s)

---------------  T H R E A D  ---------------

Current thread (0x0000025eb5c62460):  JavaThread "C2 CompilerThread0" daemon [_thread_in_native, id=18612, stack(0x000000bfe5800000,0x000000bfe5900000) (1024K)]


Current CompileTask:
C2:34969 3232       4       org.eclipse.osgi.container.ModuleDatabase$Persistence::addMap (289 bytes)

Stack: [0x000000bfe5800000,0x000000bfe5900000]
Native frames: (J=compiled Java code, j=interpreted, Vv=VM code, C=native code)
V  [jvm.dll+0x6d7a39]
V  [jvm.dll+0x8b4b26]
V  [jvm.dll+0x8b70de]
V  [jvm.dll+0x8b77c3]
V  [jvm.dll+0x284346]
V  [jvm.dll+0xc66ed]
V  [jvm.dll+0xc6c31]
V  [jvm.dll+0x3bec01]
V  [jvm.dll+0x38b162]
V  [jvm.dll+0x38a5aa]
V  [jvm.dll+0x24c560]
V  [jvm.dll+0x24bb40]
V  [jvm.dll+0x1cb34e]
V  [jvm.dll+0x25b85d]
V  [jvm.dll+0x259dea]
V  [jvm.dll+0x3f857e]
V  [jvm.dll+0x85f59d]
V  [jvm.dll+0x6d626d]
C  [ucrtbase.dll+0x37b0]
C  [KERNEL32.DLL+0x2e8d7]
C  [ntdll.dll+0x8c3fc]


---------------  P R O C E S S  ---------------

Threads class SMR info:
_java_thread_list=0x0000025efc4588e0, length=18, elements={
0x0000025e9c0f9c80, 0x0000025eb5c490e0, 0x0000025eb5c49b40, 0x0000025eb5c4be20,
0x0000025eb5c4c880, 0x0000025eb5c57300, 0x0000025eb5c5daa0, 0x0000025eb5c62460,
0x0000025eb5c73440, 0x0000025efb271d90, 0x0000025efb3a2c90, 0x0000025efb8869f0,
0x0000025efbdc3040, 0x0000025efbdd0b90, 0x0000025efb83cfb0, 0x0000025efbf551c0,
0x0000025efc3aaed0, 0x0000025efc4d7890
}

Java Threads: ( => current thread )
  0x0000025e9c0f9c80 JavaThread "main"                              [_thread_blocked, id=16276, stack(0x000000bfe4a00000,0x000000bfe4b00000) (1024K)]
  0x0000025eb5c490e0 JavaThread "Reference Handler"          daemon [_thread_blocked, id=3924, stack(0x000000bfe5200000,0x000000bfe5300000) (1024K)]
  0x0000025eb5c49b40 JavaThread "Finalizer"                  daemon [_thread_blocked, id=13292, stack(0x000000bfe5300000,0x000000bfe5400000) (1024K)]
  0x0000025eb5c4be20 JavaThread "Signal Dispatcher"          daemon [_thread_blocked, id=1152, stack(0x000000bfe5400000,0x000000bfe5500000) (1024K)]
  0x0000025eb5c4c880 JavaThread "Attach Listener"            daemon [_thread_blocked, id=6368, stack(0x000000bfe5500000,0x000000bfe5600000) (1024K)]
  0x0000025eb5c57300 JavaThread "Service Thread"             daemon [_thread_blocked, id=16348, stack(0x000000bfe5600000,0x000000bfe5700000) (1024K)]
  0x0000025eb5c5daa0 JavaThread "Monitor Deflation Thread"   daemon [_thread_blocked, id=28384, stack(0x000000bfe5700000,0x000000bfe5800000) (1024K)]
=>0x0000025eb5c62460 JavaThread "C2 CompilerThread0"         daemon [_thread_in_native, id=18612, stack(0x000000bfe5800000,0x000000bfe5900000) (1024K)]
  0x0000025eb5c73440 JavaThread "C1 CompilerThread0"         daemon [_thread_blocked, id=4672, stack(0x000000bfe5900000,0x000000bfe5a00000) (1024K)]
  0x0000025efb271d90 JavaThread "Common-Cleaner"             daemon [_thread_blocked, id=8968, stack(0x000000bfe5a00000,0x000000bfe5b00000) (1024K)]
  0x0000025efb3a2c90 JavaThread "Notification Thread"        daemon [_thread_blocked, id=14228, stack(0x000000bfe5c00000,0x000000bfe5d00000) (1024K)]
  0x0000025efb8869f0 JavaThread "Active Thread: Equinox Container: b15a5834-aec7-41a6-aff6-76bfc704fe5a"        [_thread_blocked, id=7852, stack(0x000000bfe6300000,0x000000bfe6400000) (1024K)]
  0x0000025efbdc3040 JavaThread "Refresh Thread: Equinox Container: b15a5834-aec7-41a6-aff6-76bfc704fe5a" daemon [_thread_blocked, id=19440, stack(0x000000bfe6400000,0x000000bfe6500000) (1024K)]
  0x0000025efbdd0b90 JavaThread "Framework Event Dispatcher: Equinox Container: b15a5834-aec7-41a6-aff6-76bfc704fe5a" daemon [_thread_blocked, id=27408, stack(0x000000bfe6500000,0x000000bfe6600000) (1024K)]
  0x0000025efb83cfb0 JavaThread "Start Level: Equinox Container: b15a5834-aec7-41a6-aff6-76bfc704fe5a" daemon [_thread_blocked, id=26392, stack(0x000000bfe6600000,0x000000bfe6700000) (1024K)]
  0x0000025efbf551c0 JavaThread "Bundle File Closer"         daemon [_thread_blocked, id=9932, stack(0x000000bfe6800000,0x000000bfe6900000) (1024K)]
  0x0000025efc3aaed0 JavaThread "SCR Component Actor"        daemon [_thread_blocked, id=14812, stack(0x000000bfe6900000,0x000000bfe6a00000) (1024K)]
  0x0000025efc4d7890 JavaThread "Worker-JM"                         [_thread_blocked, id=6356, stack(0x000000bfe5b00000,0x000000bfe5c00000) (1024K)]
Total: 18

Other Threads:
  0x0000025eb5c2b680 VMThread "VM Thread"                           [id=16092, stack(0x000000bfe5100000,0x000000bfe5200000) (1024K)]
  0x0000025eb5c17a20 WatcherThread "VM Periodic Task Thread"        [id=21332, stack(0x000000bfe5000000,0x000000bfe5100000) (1024K)]
  0x0000025e9e416a50 WorkerThread "GC Thread#0"                     [id=18892, stack(0x000000bfe4b00000,0x000000bfe4c00000) (1024K)]
  0x0000025efb687a80 WorkerThread "GC Thread#1"                     [id=3956, stack(0x000000bfe5d00000,0x000000bfe5e00000) (1024K)]
  0x0000025efbaeab80 WorkerThread "GC Thread#2"                     [id=28052, stack(0x000000bfe5e00000,0x000000bfe5f00000) (1024K)]
  0x0000025efbb45990 WorkerThread "GC Thread#3"                     [id=17628, stack(0x000000bfe5f00000,0x000000bfe6000000) (1024K)]
  0x0000025efbb46140 WorkerThread "GC Thread#4"                     [id=18376, stack(0x000000bfe6000000,0x000000bfe6100000) (1024K)]
  0x0000025efbb46d00 WorkerThread "GC Thread#5"                     [id=5596, stack(0x000000bfe6100000,0x000000bfe6200000) (1024K)]
  0x0000025efb5dc260 WorkerThread "GC Thread#6"                     [id=856, stack(0x000000bfe6200000,0x000000bfe6300000) (1024K)]
  0x0000025efbdf7ea0 WorkerThread "GC Thread#7"                     [id=25868, stack(0x000000bfe6700000,0x000000bfe6800000) (1024K)]
  0x0000025efc089320 WorkerThread "GC Thread#8"                     [id=7096, stack(0x000000bfe6a00000,0x000000bfe6b00000) (1024K)]
  0x0000025efc0896d0 WorkerThread "GC Thread#9"                     [id=15320, stack(0x000000bfe6b00000,0x000000bfe6c00000) (1024K)]
  0x0000025e9e427210 ConcurrentGCThread "G1 Main Marker"            [id=14960, stack(0x000000bfe4c00000,0x000000bfe4d00000) (1024K)]
  0x0000025e9e428ae0 WorkerThread "G1 Conc#0"                       [id=18324, stack(0x000000bfe4d00000,0x000000bfe4e00000) (1024K)]
  0x0000025eb5aea9e0 ConcurrentGCThread "G1 Refine#0"               [id=11944, stack(0x000000bfe4e00000,0x000000bfe4f00000) (1024K)]
  0x0000025eb5aeb210 ConcurrentGCThread "G1 Service"                [id=20904, stack(0x000000bfe4f00000,0x000000bfe5000000) (1024K)]
Total: 16

Threads with active compile tasks:
C2 CompilerThread0  34989 3232       4       org.eclipse.osgi.container.ModuleDatabase$Persistence::addMap (289 bytes)
Total: 1

VM state: not at safepoint (normal execution)

VM Mutex/Monitor currently owned by a thread: None

OutOfMemory and StackOverflow Exception counts:
OutOfMemoryError java_heap_errors=1
LinkageErrors=41

Heap address: 0x000000008a600000, size: 1882 MB, Compressed Oops mode: 32-bit

CDS archive(s) mapped at: [0x0000025eb6000000-0x0000025eb6ba0000-0x0000025eb6ba0000), size 12189696, SharedBaseAddress: 0x0000025eb6000000, ArchiveRelocationMode: 1.
Compressed class space mapped at: 0x0000025eb7000000-0x0000025ef7000000, reserved size: 1073741824
Narrow klass base: 0x0000025eb6000000, Narrow klass shift: 0, Narrow klass range: 0x100000000

GC Precious Log:
 CardTable entry size: 512
 Card Set container configuration: InlinePtr #cards 5 size 8 Array Of Cards #cards 12 size 40 Howl #buckets 4 coarsen threshold 1843 Howl Bitmap #cards 512 size 80 coarsen threshold 460 Card regions per heap region 1 cards per card region 2048
 CPUs: 12 total, 12 available
 Memory: 7521M
 Large Page Support: Disabled
 NUMA Support: Disabled
 Compressed Oops: Enabled (32-bit)
 Heap Region Size: 1M
 Heap Min Capacity: 8M
 Heap Initial Capacity: 118M
 Heap Max Capacity: 1882M
 Pre-touch: Disabled
 Parallel Workers: 10
 Concurrent Workers: 3
 Concurrent Refinement Workers: 10
 Periodic GC: Disabled

Heap:
 garbage-first heap   total 120832K, used 30832K [0x000000008a600000, 0x0000000100000000)
  region size 1024K, 28 young (28672K), 9 survivors (9216K)
 Metaspace       used 16740K, committed 17408K, reserved 1114112K
  class space    used 1718K, committed 1984K, reserved 1048576K

Heap Regions: E=young(eden), S=young(survivor), O=old, HS=humongous(starts), HC=humongous(continues), CS=collection set, F=free, TAMS=top-at-mark-start, PB=parsable bottom
|   0|0x000000008a600000, 0x000000008a700000, 0x000000008a700000|100%| O|  |TAMS 0x000000008a600000| PB 0x000000008a600000| Untracked 
|   1|0x000000008a700000, 0x000000008a800000, 0x000000008a800000|100%| O|  |TAMS 0x000000008a700000| PB 0x000000008a700000| Untracked 
|   2|0x000000008a800000, 0x000000008a900000, 0x000000008a900000|100%| O|  |TAMS 0x000000008a800000| PB 0x000000008a800000| Untracked 
|   3|0x000000008a900000, 0x000000008a954a78, 0x000000008aa00000| 33%| O|  |TAMS 0x000000008a900000| PB 0x000000008a900000| Untracked 
|   4|0x000000008aa00000, 0x000000008aa00000, 0x000000008ab00000|  0%| F|  |TAMS 0x000000008aa00000| PB 0x000000008aa00000| Untracked 
|   5|0x000000008ab00000, 0x000000008ab00000, 0x000000008ac00000|  0%| F|  |TAMS 0x000000008ab00000| PB 0x000000008ab00000| Untracked 
|   6|0x000000008ac00000, 0x000000008ac00000, 0x000000008ad00000|  0%| F|  |TAMS 0x000000008ac00000| PB 0x000000008ac00000| Untracked 
|   7|0x000000008ad00000, 0x000000008ad00000, 0x000000008ae00000|  0%| F|  |TAMS 0x000000008ad00000| PB 0x000000008ad00000| Untracked 
|   8|0x000000008ae00000, 0x000000008ae00000, 0x000000008af00000|  0%| F|  |TAMS 0x000000008ae00000| PB 0x000000008ae00000| Untracked 
|   9|0x000000008af00000, 0x000000008af00000, 0x000000008b000000|  0%| F|  |TAMS 0x000000008af00000| PB 0x000000008af00000| Untracked 
|  10|0x000000008b000000, 0x000000008b000000, 0x000000008b100000|  0%| F|  |TAMS 0x000000008b000000| PB 0x000000008b000000| Untracked 
|  11|0x000000008b100000, 0x000000008b100000, 0x000000008b200000|  0%| F|  |TAMS 0x000000008b100000| PB 0x000000008b100000| Untracked 
|  12|0x000000008b200000, 0x000000008b200000, 0x000000008b300000|  0%| F|  |TAMS 0x000000008b200000| PB 0x000000008b200000| Untracked 
|  13|0x000000008b300000, 0x000000008b300000, 0x000000008b400000|  0%| F|  |TAMS 0x000000008b300000| PB 0x000000008b300000| Untracked 
|  14|0x000000008b400000, 0x000000008b400000, 0x000000008b500000|  0%| F|  |TAMS 0x000000008b400000| PB 0x000000008b400000| Untracked 
|  15|0x000000008b500000, 0x000000008b500000, 0x000000008b600000|  0%| F|  |TAMS 0x000000008b500000| PB 0x000000008b500000| Untracked 
|  16|0x000000008b600000, 0x000000008b600000, 0x000000008b700000|  0%| F|  |TAMS 0x000000008b600000| PB 0x000000008b600000| Untracked 
|  17|0x000000008b700000, 0x000000008b700000, 0x000000008b800000|  0%| F|  |TAMS 0x000000008b700000| PB 0x000000008b700000| Untracked 
|  18|0x000000008b800000, 0x000000008b800000, 0x000000008b900000|  0%| F|  |TAMS 0x000000008b800000| PB 0x000000008b800000| Untracked 
|  19|0x000000008b900000, 0x000000008b900000, 0x000000008ba00000|  0%| F|  |TAMS 0x000000008b900000| PB 0x000000008b900000| Untracked 
|  20|0x000000008ba00000, 0x000000008ba00000, 0x000000008bb00000|  0%| F|  |TAMS 0x000000008ba00000| PB 0x000000008ba00000| Untracked 
|  21|0x000000008bb00000, 0x000000008bb00000, 0x000000008bc00000|  0%| F|  |TAMS 0x000000008bb00000| PB 0x000000008bb00000| Untracked 
|  22|0x000000008bc00000, 0x000000008bc00000, 0x000000008bd00000|  0%| F|  |TAMS 0x000000008bc00000| PB 0x000000008bc00000| Untracked 
|  23|0x000000008bd00000, 0x000000008bd00000, 0x000000008be00000|  0%| F|  |TAMS 0x000000008bd00000| PB 0x000000008bd00000| Untracked 
|  24|0x000000008be00000, 0x000000008be00000, 0x000000008bf00000|  0%| F|  |TAMS 0x000000008be00000| PB 0x000000008be00000| Untracked 
|  25|0x000000008bf00000, 0x000000008bf00000, 0x000000008c000000|  0%| F|  |TAMS 0x000000008bf00000| PB 0x000000008bf00000| Untracked 
|  26|0x000000008c000000, 0x000000008c000000, 0x000000008c100000|  0%| F|  |TAMS 0x000000008c000000| PB 0x000000008c000000| Untracked 
|  27|0x000000008c100000, 0x000000008c100000, 0x000000008c200000|  0%| F|  |TAMS 0x000000008c100000| PB 0x000000008c100000| Untracked 
|  28|0x000000008c200000, 0x000000008c200000, 0x000000008c300000|  0%| F|  |TAMS 0x000000008c200000| PB 0x000000008c200000| Untracked 
|  29|0x000000008c300000, 0x000000008c300000, 0x000000008c400000|  0%| F|  |TAMS 0x000000008c300000| PB 0x000000008c300000| Untracked 
|  30|0x000000008c400000, 0x000000008c400000, 0x000000008c500000|  0%| F|  |TAMS 0x000000008c400000| PB 0x000000008c400000| Untracked 
|  31|0x000000008c500000, 0x000000008c500000, 0x000000008c600000|  0%| F|  |TAMS 0x000000008c500000| PB 0x000000008c500000| Untracked 
|  32|0x000000008c600000, 0x000000008c600000, 0x000000008c700000|  0%| F|  |TAMS 0x000000008c600000| PB 0x000000008c600000| Untracked 
|  33|0x000000008c700000, 0x000000008c700000, 0x000000008c800000|  0%| F|  |TAMS 0x000000008c700000| PB 0x000000008c700000| Untracked 
|  34|0x000000008c800000, 0x000000008c800000, 0x000000008c900000|  0%| F|  |TAMS 0x000000008c800000| PB 0x000000008c800000| Untracked 
|  35|0x000000008c900000, 0x000000008c900000, 0x000000008ca00000|  0%| F|  |TAMS 0x000000008c900000| PB 0x000000008c900000| Untracked 
|  36|0x000000008ca00000, 0x000000008ca00000, 0x000000008cb00000|  0%| F|  |TAMS 0x000000008ca00000| PB 0x000000008ca00000| Untracked 
|  37|0x000000008cb00000, 0x000000008cb00000, 0x000000008cc00000|  0%| F|  |TAMS 0x000000008cb00000| PB 0x000000008cb00000| Untracked 
|  38|0x000000008cc00000, 0x000000008cc00000, 0x000000008cd00000|  0%| F|  |TAMS 0x000000008cc00000| PB 0x000000008cc00000| Untracked 
|  39|0x000000008cd00000, 0x000000008cdc7740, 0x000000008ce00000| 77%| S|CS|TAMS 0x000000008cd00000| PB 0x000000008cd00000| Complete 
|  40|0x000000008ce00000, 0x000000008cf00000, 0x000000008cf00000|100%| S|CS|TAMS 0x000000008ce00000| PB 0x000000008ce00000| Complete 
|  41|0x000000008cf00000, 0x000000008d000000, 0x000000008d000000|100%| S|CS|TAMS 0x000000008cf00000| PB 0x000000008cf00000| Complete 
|  42|0x000000008d000000, 0x000000008d100000, 0x000000008d100000|100%| S|CS|TAMS 0x000000008d000000| PB 0x000000008d000000| Complete 
|  43|0x000000008d100000, 0x000000008d200000, 0x000000008d200000|100%| S|CS|TAMS 0x000000008d100000| PB 0x000000008d100000| Complete 
|  44|0x000000008d200000, 0x000000008d300000, 0x000000008d300000|100%| S|CS|TAMS 0x000000008d200000| PB 0x000000008d200000| Complete 
|  45|0x000000008d300000, 0x000000008d400000, 0x000000008d400000|100%| S|CS|TAMS 0x000000008d300000| PB 0x000000008d300000| Complete 
|  46|0x000000008d400000, 0x000000008d500000, 0x000000008d500000|100%| S|CS|TAMS 0x000000008d400000| PB 0x000000008d400000| Complete 
|  47|0x000000008d500000, 0x000000008d600000, 0x000000008d600000|100%| S|CS|TAMS 0x000000008d500000| PB 0x000000008d500000| Complete 
|  48|0x000000008d600000, 0x000000008d600000, 0x000000008d700000|  0%| F|  |TAMS 0x000000008d600000| PB 0x000000008d600000| Untracked 
|  49|0x000000008d700000, 0x000000008d700000, 0x000000008d800000|  0%| F|  |TAMS 0x000000008d700000| PB 0x000000008d700000| Untracked 
|  50|0x000000008d800000, 0x000000008d800000, 0x000000008d900000|  0%| F|  |TAMS 0x000000008d800000| PB 0x000000008d800000| Untracked 
|  51|0x000000008d900000, 0x000000008d900000, 0x000000008da00000|  0%| F|  |TAMS 0x000000008d900000| PB 0x000000008d900000| Untracked 
|  52|0x000000008da00000, 0x000000008da00000, 0x000000008db00000|  0%| F|  |TAMS 0x000000008da00000| PB 0x000000008da00000| Untracked 
|  53|0x000000008db00000, 0x000000008db00000, 0x000000008dc00000|  0%| F|  |TAMS 0x000000008db00000| PB 0x000000008db00000| Untracked 
|  54|0x000000008dc00000, 0x000000008dc00000, 0x000000008dd00000|  0%| F|  |TAMS 0x000000008dc00000| PB 0x000000008dc00000| Untracked 
|  55|0x000000008dd00000, 0x000000008dd00000, 0x000000008de00000|  0%| F|  |TAMS 0x000000008dd00000| PB 0x000000008dd00000| Untracked 
|  56|0x000000008de00000, 0x000000008de00000, 0x000000008df00000|  0%| F|  |TAMS 0x000000008de00000| PB 0x000000008de00000| Untracked 
|  57|0x000000008df00000, 0x000000008df00000, 0x000000008e000000|  0%| F|  |TAMS 0x000000008df00000| PB 0x000000008df00000| Untracked 
|  58|0x000000008e000000, 0x000000008e000000, 0x000000008e100000|  0%| F|  |TAMS 0x000000008e000000| PB 0x000000008e000000| Untracked 
|  59|0x000000008e100000, 0x000000008e100000, 0x000000008e200000|  0%| F|  |TAMS 0x000000008e100000| PB 0x000000008e100000| Untracked 
|  60|0x000000008e200000, 0x000000008e200000, 0x000000008e300000|  0%| F|  |TAMS 0x000000008e200000| PB 0x000000008e200000| Untracked 
|  61|0x000000008e300000, 0x000000008e300000, 0x000000008e400000|  0%| F|  |TAMS 0x000000008e300000| PB 0x000000008e300000| Untracked 
|  62|0x000000008e400000, 0x000000008e400000, 0x000000008e500000|  0%| F|  |TAMS 0x000000008e400000| PB 0x000000008e400000| Untracked 
|  63|0x000000008e500000, 0x000000008e500000, 0x000000008e600000|  0%| F|  |TAMS 0x000000008e500000| PB 0x000000008e500000| Untracked 
|  64|0x000000008e600000, 0x000000008e600000, 0x000000008e700000|  0%| F|  |TAMS 0x000000008e600000| PB 0x000000008e600000| Untracked 
|  65|0x000000008e700000, 0x000000008e700000, 0x000000008e800000|  0%| F|  |TAMS 0x000000008e700000| PB 0x000000008e700000| Untracked 
|  66|0x000000008e800000, 0x000000008e800000, 0x000000008e900000|  0%| F|  |TAMS 0x000000008e800000| PB 0x000000008e800000| Untracked 
|  67|0x000000008e900000, 0x000000008e900000, 0x000000008ea00000|  0%| F|  |TAMS 0x000000008e900000| PB 0x000000008e900000| Untracked 
|  68|0x000000008ea00000, 0x000000008ea00000, 0x000000008eb00000|  0%| F|  |TAMS 0x000000008ea00000| PB 0x000000008ea00000| Untracked 
|  69|0x000000008eb00000, 0x000000008eb00000, 0x000000008ec00000|  0%| F|  |TAMS 0x000000008eb00000| PB 0x000000008eb00000| Untracked 
|  70|0x000000008ec00000, 0x000000008ec00000, 0x000000008ed00000|  0%| F|  |TAMS 0x000000008ec00000| PB 0x000000008ec00000| Untracked 
|  71|0x000000008ed00000, 0x000000008ed00000, 0x000000008ee00000|  0%| F|  |TAMS 0x000000008ed00000| PB 0x000000008ed00000| Untracked 
|  72|0x000000008ee00000, 0x000000008ee00000, 0x000000008ef00000|  0%| F|  |TAMS 0x000000008ee00000| PB 0x000000008ee00000| Untracked 
|  73|0x000000008ef00000, 0x000000008ef00000, 0x000000008f000000|  0%| F|  |TAMS 0x000000008ef00000| PB 0x000000008ef00000| Untracked 
|  74|0x000000008f000000, 0x000000008f000000, 0x000000008f100000|  0%| F|  |TAMS 0x000000008f000000| PB 0x000000008f000000| Untracked 
|  75|0x000000008f100000, 0x000000008f100000, 0x000000008f200000|  0%| F|  |TAMS 0x000000008f100000| PB 0x000000008f100000| Untracked 
|  76|0x000000008f200000, 0x000000008f200000, 0x000000008f300000|  0%| F|  |TAMS 0x000000008f200000| PB 0x000000008f200000| Untracked 
|  77|0x000000008f300000, 0x000000008f300000, 0x000000008f400000|  0%| F|  |TAMS 0x000000008f300000| PB 0x000000008f300000| Untracked 
|  78|0x000000008f400000, 0x000000008f400000, 0x000000008f500000|  0%| F|  |TAMS 0x000000008f400000| PB 0x000000008f400000| Untracked 
|  79|0x000000008f500000, 0x000000008f500000, 0x000000008f600000|  0%| F|  |TAMS 0x000000008f500000| PB 0x000000008f500000| Untracked 
|  80|0x000000008f600000, 0x000000008f600000, 0x000000008f700000|  0%| F|  |TAMS 0x000000008f600000| PB 0x000000008f600000| Untracked 
|  81|0x000000008f700000, 0x000000008f700000, 0x000000008f800000|  0%| F|  |TAMS 0x000000008f700000| PB 0x000000008f700000| Untracked 
|  82|0x000000008f800000, 0x000000008f800000, 0x000000008f900000|  0%| F|  |TAMS 0x000000008f800000| PB 0x000000008f800000| Untracked 
|  83|0x000000008f900000, 0x000000008f900000, 0x000000008fa00000|  0%| F|  |TAMS 0x000000008f900000| PB 0x000000008f900000| Untracked 
|  84|0x000000008fa00000, 0x000000008fa00000, 0x000000008fb00000|  0%| F|  |TAMS 0x000000008fa00000| PB 0x000000008fa00000| Untracked 
|  85|0x000000008fb00000, 0x000000008fb00000, 0x000000008fc00000|  0%| F|  |TAMS 0x000000008fb00000| PB 0x000000008fb00000| Untracked 
|  86|0x000000008fc00000, 0x000000008fc00000, 0x000000008fd00000|  0%| F|  |TAMS 0x000000008fc00000| PB 0x000000008fc00000| Untracked 
|  87|0x000000008fd00000, 0x000000008fd00000, 0x000000008fe00000|  0%| F|  |TAMS 0x000000008fd00000| PB 0x000000008fd00000| Untracked 
|  88|0x000000008fe00000, 0x000000008fe00000, 0x000000008ff00000|  0%| F|  |TAMS 0x000000008fe00000| PB 0x000000008fe00000| Untracked 
|  89|0x000000008ff00000, 0x000000008ff00000, 0x0000000090000000|  0%| F|  |TAMS 0x000000008ff00000| PB 0x000000008ff00000| Untracked 
|  90|0x0000000090000000, 0x0000000090000000, 0x0000000090100000|  0%| F|  |TAMS 0x0000000090000000| PB 0x0000000090000000| Untracked 
|  91|0x0000000090100000, 0x0000000090100000, 0x0000000090200000|  0%| F|  |TAMS 0x0000000090100000| PB 0x0000000090100000| Untracked 
|  92|0x0000000090200000, 0x0000000090200000, 0x0000000090300000|  0%| F|  |TAMS 0x0000000090200000| PB 0x0000000090200000| Untracked 
|  93|0x0000000090300000, 0x0000000090300000, 0x0000000090400000|  0%| F|  |TAMS 0x0000000090300000| PB 0x0000000090300000| Untracked 
|  94|0x0000000090400000, 0x0000000090400000, 0x0000000090500000|  0%| F|  |TAMS 0x0000000090400000| PB 0x0000000090400000| Untracked 
|  95|0x0000000090500000, 0x0000000090500000, 0x0000000090600000|  0%| F|  |TAMS 0x0000000090500000| PB 0x0000000090500000| Untracked 
|  96|0x0000000090600000, 0x0000000090600000, 0x0000000090700000|  0%| F|  |TAMS 0x0000000090600000| PB 0x0000000090600000| Untracked 
|  97|0x0000000090700000, 0x0000000090700000, 0x0000000090800000|  0%| F|  |TAMS 0x0000000090700000| PB 0x0000000090700000| Untracked 
|  98|0x0000000090800000, 0x0000000090800000, 0x0000000090900000|  0%| F|  |TAMS 0x0000000090800000| PB 0x0000000090800000| Untracked 
|  99|0x0000000090900000, 0x00000000909e3a40, 0x0000000090a00000| 88%| E|  |TAMS 0x0000000090900000| PB 0x0000000090900000| Complete 
| 100|0x0000000090a00000, 0x0000000090b00000, 0x0000000090b00000|100%| E|CS|TAMS 0x0000000090a00000| PB 0x0000000090a00000| Complete 
| 101|0x0000000090b00000, 0x0000000090c00000, 0x0000000090c00000|100%| E|CS|TAMS 0x0000000090b00000| PB 0x0000000090b00000| Complete 
| 102|0x0000000090c00000, 0x0000000090d00000, 0x0000000090d00000|100%| E|CS|TAMS 0x0000000090c00000| PB 0x0000000090c00000| Complete 
| 103|0x0000000090d00000, 0x0000000090e00000, 0x0000000090e00000|100%| E|CS|TAMS 0x0000000090d00000| PB 0x0000000090d00000| Complete 
| 104|0x0000000090e00000, 0x0000000090f00000, 0x0000000090f00000|100%| E|CS|TAMS 0x0000000090e00000| PB 0x0000000090e00000| Complete 
| 105|0x0000000090f00000, 0x0000000091000000, 0x0000000091000000|100%| E|CS|TAMS 0x0000000090f00000| PB 0x0000000090f00000| Complete 
| 106|0x0000000091000000, 0x0000000091100000, 0x0000000091100000|100%| E|CS|TAMS 0x0000000091000000| PB 0x0000000091000000| Complete 
| 107|0x0000000091100000, 0x0000000091200000, 0x0000000091200000|100%| E|CS|TAMS 0x0000000091100000| PB 0x0000000091100000| Complete 
| 108|0x0000000091200000, 0x0000000091300000, 0x0000000091300000|100%| E|CS|TAMS 0x0000000091200000| PB 0x0000000091200000| Complete 
| 109|0x0000000091300000, 0x0000000091400000, 0x0000000091400000|100%| E|CS|TAMS 0x0000000091300000| PB 0x0000000091300000| Complete 
| 110|0x0000000091400000, 0x0000000091500000, 0x0000000091500000|100%| E|CS|TAMS 0x0000000091400000| PB 0x0000000091400000| Complete 
| 111|0x0000000091500000, 0x0000000091600000, 0x0000000091600000|100%| E|CS|TAMS 0x0000000091500000| PB 0x0000000091500000| Complete 
| 112|0x0000000091600000, 0x0000000091700000, 0x0000000091700000|100%| E|CS|TAMS 0x0000000091600000| PB 0x0000000091600000| Complete 
| 113|0x0000000091700000, 0x0000000091800000, 0x0000000091800000|100%| E|CS|TAMS 0x0000000091700000| PB 0x0000000091700000| Complete 
| 114|0x0000000091800000, 0x0000000091900000, 0x0000000091900000|100%| E|CS|TAMS 0x0000000091800000| PB 0x0000000091800000| Complete 
| 115|0x0000000091900000, 0x0000000091a00000, 0x0000000091a00000|100%| E|CS|TAMS 0x0000000091900000| PB 0x0000000091900000| Complete 
| 116|0x0000000091a00000, 0x0000000091b00000, 0x0000000091b00000|100%| E|CS|TAMS 0x0000000091a00000| PB 0x0000000091a00000| Complete 
| 117|0x0000000091b00000, 0x0000000091c00000, 0x0000000091c00000|100%| E|CS|TAMS 0x0000000091b00000| PB 0x0000000091b00000| Complete 

Card table byte_map: [0x0000025eb0ed0000,0x0000025eb1280000] _byte_map_base: 0x0000025eb0a7d000

Marking Bits: (CMBitMap*) 0x0000025e9e416f70
 Bits: [0x0000025eb1280000, 0x0000025eb2fe8000)

Polling page: 0x0000025e9c1e0000

Metaspace:

Usage:
  Non-class:     14.67 MB used.
      Class:      1.68 MB used.
       Both:     16.35 MB used.

Virtual space:
  Non-class space:       64.00 MB reserved,      15.06 MB ( 24%) committed,  1 nodes.
      Class space:        1.00 GB reserved,       1.94 MB ( <1%) committed,  1 nodes.
             Both:        1.06 GB reserved,      17.00 MB (  2%) committed. 

Chunk freelists:
   Non-Class:  481.00 KB
       Class:  13.92 MB
        Both:  14.38 MB

MaxMetaspaceSize: unlimited
CompressedClassSpaceSize: 1.00 GB
Initial GC threshold: 21.00 MB
Current GC threshold: 21.00 MB
CDS: on
 - commit_granule_bytes: 65536.
 - commit_granule_words: 8192.
 - virtual_space_node_default_size: 8388608.
 - enlarge_chunks_in_place: 1.
 - use_allocation_guard: 0.


Internal statistics:

num_allocs_failed_limit: 0.
num_arena_births: 430.
num_arena_deaths: 0.
num_vsnodes_births: 2.
num_vsnodes_deaths: 0.
num_space_committed: 272.
num_space_uncommitted: 0.
num_chunks_returned_to_freelist: 0.
num_chunks_taken_from_freelist: 1010.
num_chunk_merges: 0.
num_chunk_splits: 639.
num_chunks_enlarged: 413.
num_inconsistent_stats: 0.

CodeHeap 'non-profiled nmethods': size=120000Kb used=1477Kb max_used=1477Kb free=118523Kb
 bounds [0x0000025ea9090000, 0x0000025ea9300000, 0x0000025eb05c0000]
CodeHeap 'profiled nmethods': size=120000Kb used=6825Kb max_used=6825Kb free=113174Kb
 bounds [0x0000025ea15c0000, 0x0000025ea1c70000, 0x0000025ea8af0000]
CodeHeap 'non-nmethods': size=5760Kb used=1393Kb max_used=1413Kb free=4366Kb
 bounds [0x0000025ea8af0000, 0x0000025ea8d60000, 0x0000025ea9090000]
CodeCache: size=245760Kb, used=9695Kb, max_used=9715Kb, free=236063Kb
 total_blobs=3836, nmethods=3285, adapters=455, full_count=0
Compilation: enabled, stopped_count=0, restarted_count=0

Compilation events (20 events):
Event: 33.866 Thread 0x0000025eb5c73440 3294       2       org.eclipse.osgi.container.ModuleWiring::getPersistentWires (99 bytes)
Event: 33.866 Thread 0x0000025eb5c73440 nmethod 3294 0x0000025ea1c62210 code [0x0000025ea1c62420, 0x0000025ea1c628c0]
Event: 33.867 Thread 0x0000025eb5c73440 3295       2       org.eclipse.osgi.container.ModuleWiring::getPersistentRequiredWires (9 bytes)
Event: 33.867 Thread 0x0000025eb5c73440 nmethod 3295 0x0000025ea1c62b90 code [0x0000025ea1c62d40, 0x0000025ea1c62e68]
Event: 33.868 Thread 0x0000025eb5c73440 3296       2       org.eclipse.osgi.container.ModuleDatabase$Persistence::writeWiring (453 bytes)
Event: 33.870 Thread 0x0000025eb5c73440 nmethod 3296 0x0000025ea1c62f10 code [0x0000025ea1c634c0, 0x0000025ea1c65038]
Event: 33.870 Thread 0x0000025eb5c73440 3297       2       org.eclipse.osgi.container.ModuleWiring::getModuleCapabilities (18 bytes)
Event: 33.870 Thread 0x0000025eb5c73440 nmethod 3297 0x0000025ea1c66390 code [0x0000025ea1c66540, 0x0000025ea1c66738]
Event: 33.882 Thread 0x0000025eb5c73440 3299       1       java.lang.reflect.Constructor::getDeclaringClass (5 bytes)
Event: 33.882 Thread 0x0000025eb5c73440 nmethod 3299 0x0000025ea9201110 code [0x0000025ea92012a0, 0x0000025ea9201368]
Event: 33.885 Thread 0x0000025eb5c73440 3300       2       java.util.Locale::equals (75 bytes)
Event: 33.885 Thread 0x0000025eb5c73440 nmethod 3300 0x0000025ea1c66890 code [0x0000025ea1c66a80, 0x0000025ea1c66df0]
Event: 33.886 Thread 0x0000025eb5c73440 3301       2       java.lang.invoke.MemberName::asSpecial (89 bytes)
Event: 33.887 Thread 0x0000025eb5c73440 nmethod 3301 0x0000025ea1c66f90 code [0x0000025ea1c67200, 0x0000025ea1c67858]
Event: 33.887 Thread 0x0000025eb5c73440 3303       2       java.lang.Enum::hashCode (21 bytes)
Event: 33.887 Thread 0x0000025eb5c73440 nmethod 3303 0x0000025ea1c67c10 code [0x0000025ea1c67dc0, 0x0000025ea1c67f00]
Event: 33.887 Thread 0x0000025eb5c73440 3304       2       jdk.internal.org.objectweb.asm.MethodWriter::visitLdcInsn (215 bytes)
Event: 33.888 Thread 0x0000025eb5c73440 nmethod 3304 0x0000025ea1c67f90 code [0x0000025ea1c681a0, 0x0000025ea1c68618]
Event: 33.888 Thread 0x0000025eb5c73440 3305       2       jdk.internal.org.objectweb.asm.SymbolTable::addConstant (330 bytes)
Event: 33.889 Thread 0x0000025eb5c73440 nmethod 3305 0x0000025ea1c68a10 code [0x0000025ea1c68dc0, 0x0000025ea1c69d50]

GC Heap History (6 events):
Event: 1.482 GC heap before
{Heap before GC invocations=0 (full 0):
 garbage-first heap   total 120832K, used 22528K [0x000000008a600000, 0x0000000100000000)
  region size 1024K, 23 young (23552K), 0 survivors (0K)
 Metaspace       used 4125K, committed 4416K, reserved 1114112K
  class space    used 453K, committed 576K, reserved 1048576K
}
Event: 1.487 GC heap after
{Heap after GC invocations=1 (full 0):
 garbage-first heap   total 120832K, used 3676K [0x000000008a600000, 0x0000000100000000)
  region size 1024K, 3 young (3072K), 3 survivors (3072K)
 Metaspace       used 4125K, committed 4416K, reserved 1114112K
  class space    used 453K, committed 576K, reserved 1048576K
}
Event: 4.013 GC heap before
{Heap before GC invocations=1 (full 0):
 garbage-first heap   total 120832K, used 34396K [0x000000008a600000, 0x0000000100000000)
  region size 1024K, 34 young (34816K), 3 survivors (3072K)
 Metaspace       used 8514K, committed 8896K, reserved 1114112K
  class space    used 905K, committed 1088K, reserved 1048576K
}
Event: 4.018 GC heap after
{Heap after GC invocations=2 (full 0):
 garbage-first heap   total 120832K, used 6878K [0x000000008a600000, 0x0000000100000000)
  region size 1024K, 4 young (4096K), 4 survivors (4096K)
 Metaspace       used 8514K, committed 8896K, reserved 1114112K
  class space    used 905K, committed 1088K, reserved 1048576K
}
Event: 10.799 GC heap before
{Heap before GC invocations=2 (full 0):
 garbage-first heap   total 120832K, used 73438K [0x000000008a600000, 0x0000000100000000)
  region size 1024K, 70 young (71680K), 4 survivors (4096K)
 Metaspace       used 14619K, committed 15168K, reserved 1114112K
  class space    used 1522K, committed 1728K, reserved 1048576K
}
Event: 10.804 GC heap after
{Heap after GC invocations=3 (full 0):
 garbage-first heap   total 120832K, used 12400K [0x000000008a600000, 0x0000000100000000)
  region size 1024K, 9 young (9216K), 9 survivors (9216K)
 Metaspace       used 14619K, committed 15168K, reserved 1114112K
  class space    used 1522K, committed 1728K, reserved 1048576K
}

Dll operation events (9 events):
Event: 0.013 Loaded shared library c:\Users\Shivam kashyap\.vscode\extensions\redhat.java-1.54.0-win32-x64\jre\21.0.10-win32-x86_64\bin\java.dll
Event: 0.068 Loaded shared library c:\Users\Shivam kashyap\.vscode\extensions\redhat.java-1.54.0-win32-x64\jre\21.0.10-win32-x86_64\bin\zip.dll
Event: 0.084 Loaded shared library C:\Users\Shivam kashyap\.vscode\extensions\redhat.java-1.54.0-win32-x64\jre\21.0.10-win32-x86_64\bin\instrument.dll
Event: 0.089 Loaded shared library C:\Users\Shivam kashyap\.vscode\extensions\redhat.java-1.54.0-win32-x64\jre\21.0.10-win32-x86_64\bin\net.dll
Event: 0.091 Loaded shared library C:\Users\Shivam kashyap\.vscode\extensions\redhat.java-1.54.0-win32-x64\jre\21.0.10-win32-x86_64\bin\nio.dll
Event: 0.094 Loaded shared library C:\Users\Shivam kashyap\.vscode\extensions\redhat.java-1.54.0-win32-x64\jre\21.0.10-win32-x86_64\bin\zip.dll
Event: 0.107 Loaded shared library C:\Users\Shivam kashyap\.vscode\extensions\redhat.java-1.54.0-win32-x64\jre\21.0.10-win32-x86_64\bin\jimage.dll
Event: 0.161 Loaded shared library c:\Users\Shivam kashyap\.vscode\extensions\redhat.java-1.54.0-win32-x64\jre\21.0.10-win32-x86_64\bin\verify.dll
Event: 3.977 Loaded shared library C:\Users\Shivam kashyap\AppData\Roaming\Code\User\globalStorage\redhat.java\1.54.0\config_win\org.eclipse.equinox.launcher\org.eclipse.equinox.launcher.win32.win32.x86_64_1.3.0.v20260203-2149\eclipse_11919.dll

Deoptimization events (20 events):
Event: 33.829 Thread 0x0000025efb8869f0 Uncommon trap: trap_request=0xffffffc6 fr.pc=0x0000025ea914d264 relative=0x00000000000015c4
Event: 33.829 Thread 0x0000025efb8869f0 Uncommon trap: reason=bimorphic_or_optimized_type_check action=maybe_recompile pc=0x0000025ea914d264 method=java.util.HashMap.putVal(ILjava/lang/Object;Ljava/lang/Object;ZZ)Ljava/lang/Object; @ 91 c2
Event: 33.829 Thread 0x0000025efb8869f0 DEOPT PACKING pc=0x0000025ea914d264 sp=0x000000bfe63fecf0
Event: 33.829 Thread 0x0000025efb8869f0 DEOPT UNPACKING pc=0x0000025ea8b44422 sp=0x000000bfe63fec30 mode 2
Event: 33.829 Thread 0x0000025efb8869f0 Uncommon trap: trap_request=0xffffffc6 fr.pc=0x0000025ea914d264 relative=0x00000000000015c4
Event: 33.829 Thread 0x0000025efb8869f0 Uncommon trap: reason=bimorphic_or_optimized_type_check action=maybe_recompile pc=0x0000025ea914d264 method=java.util.HashMap.putVal(ILjava/lang/Object;Ljava/lang/Object;ZZ)Ljava/lang/Object; @ 91 c2
Event: 33.829 Thread 0x0000025efb8869f0 DEOPT PACKING pc=0x0000025ea914d264 sp=0x000000bfe63fecf0
Event: 33.829 Thread 0x0000025efb8869f0 DEOPT UNPACKING pc=0x0000025ea8b44422 sp=0x000000bfe63fec30 mode 2
Event: 33.840 Thread 0x0000025efb8869f0 Uncommon trap: trap_request=0xffffff45 fr.pc=0x0000025ea9144434 relative=0x00000000000001d4
Event: 33.840 Thread 0x0000025efb8869f0 Uncommon trap: reason=unstable_if action=reinterpret pc=0x0000025ea9144434 method=java.util.HashMap.getNode(Ljava/lang/Object;)Ljava/util/HashMap$Node; @ 131 c2
Event: 33.840 Thread 0x0000025efb8869f0 DEOPT PACKING pc=0x0000025ea9144434 sp=0x000000bfe63fee90
Event: 33.840 Thread 0x0000025efb8869f0 DEOPT UNPACKING pc=0x0000025ea8b44422 sp=0x000000bfe63feda0 mode 2
Event: 33.840 Thread 0x0000025efb8869f0 Uncommon trap: trap_request=0xffffff45 fr.pc=0x0000025ea913ce14 relative=0x0000000000000234
Event: 33.840 Thread 0x0000025efb8869f0 Uncommon trap: reason=unstable_if action=reinterpret pc=0x0000025ea913ce14 method=java.util.HashMap.getNode(Ljava/lang/Object;)Ljava/util/HashMap$Node; @ 131 c2
Event: 33.840 Thread 0x0000025efb8869f0 DEOPT PACKING pc=0x0000025ea913ce14 sp=0x000000bfe63fedb0
Event: 33.840 Thread 0x0000025efb8869f0 DEOPT UNPACKING pc=0x0000025ea8b44422 sp=0x000000bfe63fed30 mode 2
Event: 33.880 Thread 0x0000025efb8869f0 Uncommon trap: trap_request=0xffffff45 fr.pc=0x0000025ea91ef090 relative=0x0000000000000410
Event: 33.880 Thread 0x0000025efb8869f0 Uncommon trap: reason=unstable_if action=reinterpret pc=0x0000025ea91ef090 method=java.util.regex.Pattern$BmpCharPropertyGreedy.match(Ljava/util/regex/Matcher;ILjava/lang/CharSequence;)Z @ 12 c2
Event: 33.880 Thread 0x0000025efb8869f0 DEOPT PACKING pc=0x0000025ea91ef090 sp=0x000000bfe63fe0d0
Event: 33.880 Thread 0x0000025efb8869f0 DEOPT UNPACKING pc=0x0000025ea8b44422 sp=0x000000bfe63fe058 mode 2

Classes loaded (20 events):
Event: 33.877 Loading class sun/util/locale/provider/TimeZoneNameProviderImpl done
Event: 33.877 Loading class sun/util/cldr/CLDRTimeZoneNameProviderImpl done
Event: 33.879 Loading class sun/util/locale/provider/BaseLocaleDataMetaInfo
Event: 33.879 Loading class sun/util/locale/provider/BaseLocaleDataMetaInfo done
Event: 33.880 Loading class sun/util/resources/cldr/TimeZoneNames
Event: 33.880 Loading class sun/util/resources/TimeZoneNamesBundle
Event: 33.881 Loading class sun/util/resources/OpenListResourceBundle
Event: 33.881 Loading class sun/util/resources/OpenListResourceBundle done
Event: 33.881 Loading class sun/util/resources/TimeZoneNamesBundle done
Event: 33.881 Loading class sun/util/resources/cldr/TimeZoneNames done
Event: 33.881 Loading class sun/util/resources/cldr/TimeZoneNames_en
Event: 33.882 Loading class sun/util/resources/cldr/TimeZoneNames_en done
Event: 33.882 Loading class sun/util/resources/cldr/TimeZoneNames_en_US
Event: 33.882 Loading class sun/util/resources/cldr/TimeZoneNames_en_US done
Event: 33.883 Loading class sun/util/cldr/CLDRBaseLocaleDataMetaInfo$TZCanonicalIDMapHolder
Event: 33.884 Loading class sun/util/cldr/CLDRBaseLocaleDataMetaInfo$TZCanonicalIDMapHolder done
Event: 33.885 Loading class sun/util/resources/TimeZoneNames
Event: 33.886 Loading class sun/util/resources/TimeZoneNames done
Event: 33.886 Loading class sun/util/resources/TimeZoneNames_en
Event: 33.886 Loading class sun/util/resources/TimeZoneNames_en done

Classes unloaded (0 events):
No events

Classes redefined (0 events):
No events

Internal exceptions (20 events):
Event: 4.060 Thread 0x0000025efb83cfb0 Exception <a 'java/lang/NoSuchMethodError'{0x000000009180f888}: 'java.lang.Object java.lang.invoke.DirectMethodHandle$Holder.newInvokeSpecial(java.lang.Object, java.lang.Object, int, java.lang.Object)'> (0x000000009180f888) 
thrown [s\src\hotspot\share\interpreter\linkResolver.cpp, line 773]
Event: 4.060 Thread 0x0000025efb83cfb0 Exception <a 'java/lang/NoSuchMethodError'{0x00000000918136b8}: 'java.lang.Object java.lang.invoke.DirectMethodHandle$Holder.invokeSpecial(java.lang.Object, java.lang.Object, java.lang.Object, int, java.lang.Object)'> (0x00000000918136b8) 
thrown [s\src\hotspot\share\interpreter\linkResolver.cpp, line 773]
Event: 5.100 Thread 0x0000025efb83cfb0 Exception <a 'java/lang/NoClassDefFoundError'{0x00000000918badd8}: jakarta/servlet/ServletContainerInitializer> (0x00000000918badd8) 
thrown [s\src\hotspot\share\classfile\systemDictionary.cpp, line 301]
Event: 5.117 Thread 0x0000025efb83cfb0 Exception <a 'java/lang/ClassNotFoundException'{0x00000000916339c8}: sun/util/logging/resources/spi/loggingProvider> (0x00000000916339c8) 
thrown [s\src\hotspot\share\classfile\systemDictionary.cpp, line 312]
Event: 8.404 Thread 0x0000025efb83cfb0 Exception <a 'java/lang/NullPointerException'{0x000000008f005550}> (0x000000008f005550) 
thrown [s\src\hotspot\share\interpreter\linkResolver.cpp, line 1372]
Event: 8.404 Thread 0x0000025efb83cfb0 Exception <a 'java/lang/NullPointerException'{0x000000008f005830}> (0x000000008f005830) 
thrown [s\src\hotspot\share\interpreter\linkResolver.cpp, line 1372]
Event: 8.504 Thread 0x0000025efb83cfb0 Exception <a 'java/lang/NoSuchMethodError'{0x000000008e7c7aa8}: 'long java.lang.invoke.DirectMethodHandle$Holder.invokeSpecial(java.lang.Object, java.lang.Object)'> (0x000000008e7c7aa8) 
thrown [s\src\hotspot\share\interpreter\linkResolver.cpp, line 773]
Event: 8.530 Thread 0x0000025efb83cfb0 Exception <a 'java/io/FileNotFoundException'{0x000000008e5cd980}> (0x000000008e5cd980) 
thrown [s\src\hotspot\share\prims\jni.cpp, line 520]
Event: 8.633 Thread 0x0000025efb83cfb0 Exception <a 'java/lang/NoSuchMethodError'{0x000000008df03bf8}: 'java.lang.Object java.lang.invoke.Invokers$Holder.linkToTargetMethod(java.lang.Object, long, java.lang.Object)'> (0x000000008df03bf8) 
thrown [s\src\hotspot\share\interpreter\linkResolver.cpp, line 773]
Event: 10.728 Thread 0x0000025efb83cfb0 Exception <a 'java/lang/NoSuchMethodError'{0x000000008da84fe0}: 'void java.lang.invoke.Invokers$Holder.invokeExact_MT(java.lang.Object, java.lang.Object, java.lang.Object)'> (0x000000008da84fe0) 
thrown [s\src\hotspot\share\interpreter\linkResolver.cpp, line 773]
Event: 10.770 Thread 0x0000025efb83cfb0 Exception <a 'java/lang/NoSuchMethodError'{0x000000008d78ef58}: 'java.lang.Object java.lang.invoke.DirectMethodHandle$Holder.invokeVirtual(java.lang.Object, java.lang.Object, java.lang.Object)'> (0x000000008d78ef58) 
thrown [s\src\hotspot\share\interpreter\linkResolver.cpp, line 773]
Event: 10.771 Thread 0x0000025efb83cfb0 Exception <a 'java/lang/NoSuchMethodError'{0x000000008d7a7558}: 'java.lang.Object java.lang.invoke.DelegatingMethodHandle$Holder.reinvoke_L(java.lang.Object, java.lang.Object, java.lang.Object, java.lang.Object, int, int)'> (0x000000008d7a7558) 
thrown [s\src\hotspot\share\interpreter\linkResolver.cpp, line 773]
Event: 10.773 Thread 0x0000025efb83cfb0 Exception <a 'java/lang/NoSuchMethodError'{0x000000008d7c4160}: 'java.lang.Object java.lang.invoke.DirectMethodHandle$Holder.newInvokeSpecial(java.lang.Object, java.lang.Object, java.lang.Object, java.lang.Object, java.lang.Object, java.lang.Object)'> (0x000000008d7c4160) 
thrown [s\src\hotspot\share\interpreter\linkResolver.cpp, line 773]
Event: 10.775 Thread 0x0000025efb83cfb0 Exception <a 'java/lang/NoSuchMethodError'{0x000000008d7e0870}: 'void java.lang.invoke.Invokers$Holder.invokeExact_MT(java.lang.Object, java.lang.Object, java.lang.Object, java.lang.Object)'> (0x000000008d7e0870) 
thrown [s\src\hotspot\share\interpreter\linkResolver.cpp, line 773]
Event: 10.825 Thread 0x0000025efb83cfb0 Exception <a 'java/io/FileNotFoundException'{0x00000000919a2410}> (0x00000000919a2410) 
thrown [s\src\hotspot\share\prims\jni.cpp, line 520]
Event: 10.826 Thread 0x0000025efb83cfb0 Exception <a 'java/io/FileNotFoundException'{0x00000000919a9f50}> (0x00000000919a9f50) 
thrown [s\src\hotspot\share\prims\jni.cpp, line 520]
Event: 11.925 Thread 0x0000025efb83cfb0 Exception <a 'java/lang/NoSuchMethodError'{0x00000000912fb888}: 'java.lang.Object java.lang.invoke.DirectMethodHandle$Holder.invokeStaticInit(java.lang.Object, int)'> (0x00000000912fb888) 
thrown [s\src\hotspot\share\interpreter\linkResolver.cpp, line 773]
Event: 11.952 Thread 0x0000025efb83cfb0 Exception <a 'java/lang/NoSuchMethodError'{0x0000000090f7a9b0}: 'java.lang.Object java.lang.invoke.DirectMethodHandle$Holder.invokeStaticInit(java.lang.Object, int, int, int, int)'> (0x0000000090f7a9b0) 
thrown [s\src\hotspot\share\interpreter\linkResolver.cpp, line 773]
Event: 13.998 Thread 0x0000025efb83cfb0 Exception <a 'java/lang/NoSuchMethodError'{0x0000000090d52330}: 'java.lang.Object java.lang.invoke.DirectMethodHandle$Holder.invokeStaticInit(java.lang.Object, java.lang.Object, int, int, int, int)'> (0x0000000090d52330) 
thrown [s\src\hotspot\share\interpreter\linkResolver.cpp, line 773]
Event: 15.261 Thread 0x0000025efb598720 Exception <a 'java/lang/OutOfMemoryError'{0x0000000090e04878}: unable to create native thread: possibly out of memory or process/resource limits reached> (0x0000000090e04878) 
thrown [s\src\hotspot\share\prims\jvm.cpp, line 3026]

ZGC Phase Switch (0 events):
No events

VM Operations (20 events):
Event: 9.476 Executing safepoint VM operation: Cleanup
Event: 9.677 Executing safepoint VM operation: Cleanup done
Event: 10.681 Executing safepoint VM operation: Cleanup
Event: 10.712 Executing safepoint VM operation: Cleanup done
Event: 10.799 Executing safepoint VM operation: G1CollectForAllocation (G1 Evacuation Pause)
Event: 10.804 Executing safepoint VM operation: G1CollectForAllocation (G1 Evacuation Pause) done
Event: 10.835 Executing non-safepoint VM operation: HandshakeAllThreads (Deoptimize)
Event: 10.835 Executing non-safepoint VM operation: HandshakeAllThreads (Deoptimize) done
Event: 11.842 Executing safepoint VM operation: Cleanup
Event: 11.842 Executing safepoint VM operation: Cleanup done
Event: 12.851 Executing safepoint VM operation: Cleanup
Event: 12.851 Executing safepoint VM operation: Cleanup done
Event: 12.981 Executing non-safepoint VM operation: HandshakeAllThreads (Deoptimize)
Event: 12.981 Executing non-safepoint VM operation: HandshakeAllThreads (Deoptimize) done
Event: 13.981 Executing safepoint VM operation: Cleanup
Event: 13.997 Executing safepoint VM operation: Cleanup done
Event: 15.005 Executing safepoint VM operation: Cleanup
Event: 15.261 Executing safepoint VM operation: Cleanup done
Event: 34.403 Executing safepoint VM operation: Cleanup
Event: 34.403 Executing safepoint VM operation: Cleanup done

Memory protections (0 events):
No events

Nmethod flushes (0 events):
No events

Events (20 events):
Event: 0.039 Thread 0x0000025e9c0f9c80 Thread added: 0x0000025eb5c73440
Event: 0.086 Thread 0x0000025e9c0f9c80 Thread added: 0x0000025efb271d90
Event: 0.157 Thread 0x0000025eb5c73440 Thread added: 0x0000025efb353040
Event: 0.232 Thread 0x0000025e9c0f9c80 Thread added: 0x0000025efb3a2c90
Event: 3.802 Thread 0x0000025e9c0f9c80 Thread added: 0x0000025efb8869f0
Event: 3.971 Thread 0x0000025e9c0f9c80 Thread added: 0x0000025efbdc3040
Event: 4.000 Thread 0x0000025efbdc3040 Thread added: 0x0000025efbdd0b90
Event: 4.004 Thread 0x0000025e9c0f9c80 Thread added: 0x0000025efb83cfb0
Event: 6.314 Thread 0x0000025efb83cfb0 Thread added: 0x0000025efbf551c0
Event: 6.795 Thread 0x0000025efb353040 Thread exited: 0x0000025efb353040
Event: 8.394 Thread 0x0000025eb5c73440 Thread added: 0x0000025efc84be00
Event: 8.454 Thread 0x0000025efb83cfb0 Thread added: 0x0000025efc3aaed0
Event: 9.679 Thread 0x0000025efc84be00 Thread exited: 0x0000025efc84be00
Event: 9.692 Thread 0x0000025efb83cfb0 Thread added: 0x0000025efc4d7890
Event: 12.966 Thread 0x0000025efb83cfb0 Thread added: 0x0000025efb598720
Event: 12.966 Thread 0x0000025efb598720 Thread added: 0x0000025efb597370
Event: 13.996 Thread 0x0000025efb598720 Thread added: 0x0000025efb597a00
Event: 13.997 Thread 0x0000025efb597370 Thread exited: 0x0000025efb597370
Event: 15.261 Thread 0x0000025efb597a00 Thread exited: 0x0000025efb597a00
Event: 16.026 Thread 0x0000025efb598720 Thread exited: 0x0000025efb598720


Dynamic libraries:
0x00007ff6143c0000 - 0x00007ff6143ce000 	c:\Users\Shivam kashyap\.vscode\extensions\redhat.java-1.54.0-win32-x64\jre\21.0.10-win32-x86_64\bin\java.exe
0x00007ffbbd640000 - 0x00007ffbbd8a7000 	C:\WINDOWS\SYSTEM32\ntdll.dll
0x00007ffbbc0d0000 - 0x00007ffbbc199000 	C:\WINDOWS\System32\KERNEL32.DLL
0x00007ffbbada0000 - 0x00007ffbbb194000 	C:\WINDOWS\System32\KERNELBASE.dll
0x00007ffbbb1a0000 - 0x00007ffbbb2eb000 	C:\WINDOWS\System32\ucrtbase.dll
0x00007ffba3e30000 - 0x00007ffba3e4e000 	c:\Users\Shivam kashyap\.vscode\extensions\redhat.java-1.54.0-win32-x64\jre\21.0.10-win32-x86_64\bin\VCRUNTIME140.dll
0x00007ffba8170000 - 0x00007ffba8188000 	c:\Users\Shivam kashyap\.vscode\extensions\redhat.java-1.54.0-win32-x64\jre\21.0.10-win32-x86_64\bin\jli.dll
0x00007ffbbbec0000 - 0x00007ffbbc085000 	C:\WINDOWS\System32\USER32.dll
0x00007ffbbb2f0000 - 0x00007ffbbb317000 	C:\WINDOWS\System32\win32u.dll
0x00007ffba2320000 - 0x00007ffba25b3000 	C:\WINDOWS\WinSxS\amd64_microsoft.windows.common-controls_6595b64144ccf1df_6.0.26100.8115_none_3e075c82e3354f9c\COMCTL32.dll
0x00007ffbbc090000 - 0x00007ffbbc0bb000 	C:\WINDOWS\System32\GDI32.dll
0x00007ffbbc3b0000 - 0x00007ffbbc459000 	C:\WINDOWS\System32\msvcrt.dll
0x00007ffbba080000 - 0x00007ffbba1ab000 	C:\WINDOWS\System32\gdi32full.dll
0x00007ffbba3f0000 - 0x00007ffbba493000 	C:\WINDOWS\System32\msvcp_win.dll
0x00007ffbbbdd0000 - 0x00007ffbbbe02000 	C:\WINDOWS\System32\IMM32.DLL
0x00007ffbb5bc0000 - 0x00007ffbb5bcc000 	c:\Users\Shivam kashyap\.vscode\extensions\redhat.java-1.54.0-win32-x64\jre\21.0.10-win32-x86_64\bin\vcruntime140_1.dll
0x00007ffb72da0000 - 0x00007ffb72e2d000 	c:\Users\Shivam kashyap\.vscode\extensions\redhat.java-1.54.0-win32-x64\jre\21.0.10-win32-x86_64\bin\msvcp140.dll
0x00007ffb395e0000 - 0x00007ffb3a381000 	c:\Users\Shivam kashyap\.vscode\extensions\redhat.java-1.54.0-win32-x64\jre\21.0.10-win32-x86_64\bin\server\jvm.dll
0x00007ffbbcd40000 - 0x00007ffbbcdf6000 	C:\WINDOWS\System32\ADVAPI32.dll
0x00007ffbbbe10000 - 0x00007ffbbbeb7000 	C:\WINDOWS\System32\sechost.dll
0x00007ffbbc660000 - 0x00007ffbbc778000 	C:\WINDOWS\System32\RPCRT4.dll
0x00007ffbbc4f0000 - 0x00007ffbbc570000 	C:\WINDOWS\System32\WS2_32.dll
0x00007ffbb9d90000 - 0x00007ffbb9dee000 	C:\WINDOWS\SYSTEM32\POWRPROF.dll
0x00007ffbb1970000 - 0x00007ffbb19a6000 	C:\WINDOWS\SYSTEM32\WINMM.dll
0x00007ffbb1e30000 - 0x00007ffbb1e3b000 	C:\WINDOWS\SYSTEM32\VERSION.dll
0x00007ffbb9d70000 - 0x00007ffbb9d84000 	C:\WINDOWS\SYSTEM32\UMPDC.dll
0x00007ffbb8ca0000 - 0x00007ffbb8cbb000 	C:\WINDOWS\SYSTEM32\kernel.appcore.dll
0x00007ffbb45e0000 - 0x00007ffbb45ea000 	c:\Users\Shivam kashyap\.vscode\extensions\redhat.java-1.54.0-win32-x64\jre\21.0.10-win32-x86_64\bin\jimage.dll
0x00007ffbae540000 - 0x00007ffbae782000 	C:\WINDOWS\SYSTEM32\DBGHELP.DLL
0x00007ffbbc780000 - 0x00007ffbbcb02000 	C:\WINDOWS\System32\combase.dll
0x00007ffbbc580000 - 0x00007ffbbc658000 	C:\WINDOWS\System32\OLEAUT32.dll
0x00007ffb99180000 - 0x00007ffb991bb000 	C:\WINDOWS\SYSTEM32\dbgcore.DLL
0x00007ffbbb320000 - 0x00007ffbbb3c5000 	C:\WINDOWS\System32\bcryptPrimitives.dll
0x00007ffbb5b50000 - 0x00007ffbb5b5f000 	c:\Users\Shivam kashyap\.vscode\extensions\redhat.java-1.54.0-win32-x64\jre\21.0.10-win32-x86_64\bin\instrument.dll
0x00007ffb9e4a0000 - 0x00007ffb9e4c0000 	c:\Users\Shivam kashyap\.vscode\extensions\redhat.java-1.54.0-win32-x64\jre\21.0.10-win32-x86_64\bin\java.dll
0x00007ffbbb440000 - 0x00007ffbbbba7000 	C:\WINDOWS\System32\SHELL32.dll
0x00007ffbb9f10000 - 0x00007ffbba07a000 	C:\WINDOWS\System32\wintypes.dll
0x00007ffbba4a0000 - 0x00007ffbbad08000 	C:\WINDOWS\System32\windows.storage.dll
0x00007ffbbd4f0000 - 0x00007ffbbd5e8000 	C:\WINDOWS\System32\SHCORE.dll
0x00007ffbbc480000 - 0x00007ffbbc4e6000 	C:\WINDOWS\System32\shlwapi.dll
0x00007ffbb9e30000 - 0x00007ffbb9e59000 	C:\WINDOWS\SYSTEM32\profapi.dll
0x00007ffb9e3b0000 - 0x00007ffb9e3c8000 	c:\Users\Shivam kashyap\.vscode\extensions\redhat.java-1.54.0-win32-x64\jre\21.0.10-win32-x86_64\bin\zip.dll
0x00007ffbb3db0000 - 0x00007ffbb3dc0000 	C:\Users\Shivam kashyap\.vscode\extensions\redhat.java-1.54.0-win32-x64\jre\21.0.10-win32-x86_64\bin\net.dll
0x00007ffbb2ff0000 - 0x00007ffbb311d000 	C:\WINDOWS\SYSTEM32\WINHTTP.dll
0x00007ffbb9210000 - 0x00007ffbb927c000 	C:\WINDOWS\system32\mswsock.dll
0x00007ffb9d830000 - 0x00007ffb9d846000 	C:\Users\Shivam kashyap\.vscode\extensions\redhat.java-1.54.0-win32-x64\jre\21.0.10-win32-x86_64\bin\nio.dll
0x00007ffbb4090000 - 0x00007ffbb40a0000 	c:\Users\Shivam kashyap\.vscode\extensions\redhat.java-1.54.0-win32-x64\jre\21.0.10-win32-x86_64\bin\verify.dll
0x00007ffba65a0000 - 0x00007ffba65e5000 	C:\Users\Shivam kashyap\AppData\Roaming\Code\User\globalStorage\redhat.java\1.54.0\config_win\org.eclipse.equinox.launcher\org.eclipse.equinox.launcher.win32.win32.x86_64_1.3.0.v20260203-2149\eclipse_11919.dll
0x00007ffbbcba0000 - 0x00007ffbbcd37000 	C:\WINDOWS\System32\ole32.dll
0x00007ffbb9500000 - 0x00007ffbb951b000 	C:\WINDOWS\SYSTEM32\CRYPTSP.dll
0x00007ffbb8c00000 - 0x00007ffbb8c39000 	C:\WINDOWS\system32\rsaenh.dll
0x00007ffbb92c0000 - 0x00007ffbb92f3000 	C:\WINDOWS\SYSTEM32\USERENV.dll
0x00007ffbb9e00000 - 0x00007ffbb9e2a000 	C:\WINDOWS\SYSTEM32\bcrypt.dll
0x00007ffbb86a0000 - 0x00007ffbb86d2000 	C:\WINDOWS\SYSTEM32\IPHLPAPI.DLL
0x00007ffbbc470000 - 0x00007ffbbc47a000 	C:\WINDOWS\System32\NSI.dll

JVMTI agents:
c:\Users\Shivam kashyap\.vscode\extensions\redhat.java-1.54.0-win32-x64\lombok\lombok-1.18.39-4050.jar path:c:\Users\Shivam kashyap\.vscode\extensions\redhat.java-1.54.0-win32-x64\jre\21.0.10-win32-x86_64\bin\instrument.dll, loaded, initialized, instrumentlib options:none

dbghelp: loaded successfully - version: 4.0.5 - missing functions: none
symbol engine: initialized successfully - sym options: 0x614 - pdb path: .;c:\Users\Shivam kashyap\.vscode\extensions\redhat.java-1.54.0-win32-x64\jre\21.0.10-win32-x86_64\bin;C:\WINDOWS\SYSTEM32;C:\WINDOWS\WinSxS\amd64_microsoft.windows.common-controls_6595b64144ccf1df_6.0.26100.8115_none_3e075c82e3354f9c;c:\Users\Shivam kashyap\.vscode\extensions\redhat.java-1.54.0-win32-x64\jre\21.0.10-win32-x86_64\bin\server;C:\Users\Shivam kashyap\AppData\Roaming\Code\User\globalStorage\redhat.java\1.54.0\config_win\org.eclipse.equinox.launcher\org.eclipse.equinox.launcher.win32.win32.x86_64_1.3.0.v20260203-2149

VM Arguments:
jvm_args: --add-modules=ALL-SYSTEM --add-opens=java.base/java.util=ALL-UNNAMED --add-opens=java.base/java.lang=ALL-UNNAMED --add-opens=java.base/sun.nio.fs=ALL-UNNAMED -Declipse.application=org.eclipse.jdt.ls.core.id1 -Dosgi.bundles.defaultStartLevel=4 -Declipse.product=org.eclipse.jdt.ls.core.product -Djava.import.generatesMetadataFilesAtProjectRoot=false -DDetectVMInstallationsJob.disabled=true -Dfile.encoding=utf8 -Xlog:disable -javaagent:c:\Users\Shivam kashyap\.vscode\extensions\redhat.java-1.54.0-win32-x64\lombok\lombok-1.18.39-4050.jar -XX:+HeapDumpOnOutOfMemoryError -XX:HeapDumpPath=c:\Users\Shivam kashyap\AppData\Roaming\Code\User\workspaceStorage\b45f4505078a78ac88fad20cdb7fce0f\redhat.java -Daether.dependencyCollector.impl=bf 
java_command: c:\Users\Shivam kashyap\.vscode\extensions\redhat.java-1.54.0-win32-x64\server\plugins\org.eclipse.equinox.launcher_1.7.100.v20251111-0406.jar -configuration c:\Users\Shivam kashyap\AppData\Roaming\Code\User\globalStorage\redhat.java\1.54.0\config_win -data c:\Users\Shivam kashyap\AppData\Roaming\Code\User\workspaceStorage\b45f4505078a78ac88fad20cdb7fce0f\redhat.java\jdt_ws --pipe=\\.\pipe\lsp-d9fc6e2d378dfe3a096467eae3d12ced-sock
java_class_path (initial): c:\Users\Shivam kashyap\.vscode\extensions\redhat.java-1.54.0-win32-x64\server\plugins\org.eclipse.equinox.launcher_1.7.100.v20251111-0406.jar
Launcher Type: SUN_STANDARD

[Global flags]
     intx CICompilerCount                          = 4                                         {product} {ergonomic}
     uint ConcGCThreads                            = 3                                         {product} {ergonomic}
     uint G1ConcRefinementThreads                  = 10                                        {product} {ergonomic}
   size_t G1HeapRegionSize                         = 1048576                                   {product} {ergonomic}
    uintx GCDrainStackTargetSize                   = 64                                        {product} {ergonomic}
     bool HeapDumpOnOutOfMemoryError               = true                                   {manageable} {command line}
    ccstr HeapDumpPath                             = c:\Users\Shivam kashyap\AppData\Roaming\Code\User\workspaceStorage\b45f4505078a78ac88fad20cdb7fce0f\redhat.java         {manageable} {command line}
   size_t InitialHeapSize                          = 123731968                                 {product} {ergonomic}
   size_t MarkStackSize                            = 4194304                                   {product} {ergonomic}
   size_t MaxHeapSize                              = 1973420032                                {product} {ergonomic}
   size_t MaxNewSize                               = 1183842304                                {product} {ergonomic}
   size_t MinHeapDeltaBytes                        = 1048576                                   {product} {ergonomic}
   size_t MinHeapSize                              = 8388608                                   {product} {ergonomic}
    uintx NonNMethodCodeHeapSize                   = 5839372                                {pd product} {ergonomic}
    uintx NonProfiledCodeHeapSize                  = 122909434                              {pd product} {ergonomic}
    uintx ProfiledCodeHeapSize                     = 122909434                              {pd product} {ergonomic}
    uintx ReservedCodeCacheSize                    = 251658240                              {pd product} {ergonomic}
     bool SegmentedCodeCache                       = true                                      {product} {ergonomic}
   size_t SoftMaxHeapSize                          = 1973420032                             {manageable} {ergonomic}
     bool UseCompressedOops                        = true                           {product lp64_product} {ergonomic}
     bool UseG1GC                                  = true                                      {product} {ergonomic}
     bool UseLargePagesIndividualAllocation        = false                                  {pd product} {ergonomic}

Logging:
Log output configuration:
 #0: stdout all=off uptime,level,tags foldmultilines=false
 #1: stderr all=off uptime,level,tags foldmultilines=false

Release file:
JAVA_VERSION="21.0.10" 
MODULES="java.base java.compiler java.datatransfer java.xml java.prefs java.desktop java.instrument java.logging java.management java.security.sasl java.naming java.rmi java.management.rmi java.net.http java.scripting java.security.jgss java.transaction.xa java.sql java.sql.rowset java.xml.crypto java.se java.smartcardio jdk.accessibility jdk.internal.jvmstat jdk.attach jdk.charsets jdk.internal.opt jdk.zipfs jdk.compiler jdk.crypto.ec jdk.crypto.cryptoki jdk.crypto.mscapi jdk.dynalink jdk.internal.ed jdk.editpad jdk.hotspot.agent jdk.httpserver jdk.internal.le jdk.internal.vm.ci jdk.internal.vm.compiler jdk.internal.vm.compiler.management jdk.jartool jdk.javadoc jdk.jcmd jdk.management jdk.management.agent jdk.jconsole jdk.jdeps jdk.jdwp.agent jdk.jdi jdk.jfr jdk.jshell jdk.jsobject jdk.jstatd jdk.localedata jdk.management.jfr jdk.naming.dns jdk.naming.rmi jdk.net jdk.nio.mapmode jdk.random jdk.sctp jdk.security.auth jdk.security.jgss jdk.unsupported jdk.unsupported.desktop jdk.xml.dom" 

Environment Variables:
JAVA_HOME=C:\Program Files\Eclipse Adoptium\jdk-17.0.18.8-hotspot
PATH=C:\Users\Shivam kashyap\AppData\Local\Programs\Microsoft VS Code;c:\Users\Shivam kashyap\AppData\Local\Programs\cursor\resources\app\bin;C:\Program Files\Common Files\Oracle\Java\javapath;C:\Program Files (x86)\Common Files\Intel\Shared Libraries\redist\intel64\compiler;C:\WINDOWS\system32;C:\WINDOWS;C:\Users\Shivam kashyap\AppData\Local\Android\Sdk\platform-tools;C:\WINDOWS\System32\Wbem;C:\WINDOWS\System32\WindowsPowerShell\v1.0\;C:\WINDOWS\System32\OpenSSH\;C:\Program Files\NVIDIA Corporation\NVIDIA app\NvDLISR;C:\Program Files (x86)\NVIDIA Corporation\PhysX\Common;C:\Program Files\MySQL\MySQL Server 8.0\bin;C:\Program Files\nodejs\;C:\Program Files\nodejs;C:\Program Files\Git\cmd;C:\Users\Shivam kashyap\AppData\Local\Programs\Python\Python312\Scripts\;C:\Users\Shivam kashyap\AppData\Local\Programs\Python\Python312\;C:\Users\Shivam kashyap\AppData\Local\Programs\Python\Launcher\;C:\Program Files\MySQL\MySQL Shell 8.0\bin\;C:\Users\Shivam kashyap\AppData\Local\Microsoft\WindowsApps;C:\Program Files\JetBrains\IntelliJ IDEA Community Edition 2025.1.1.1\bin;C:\Users\Shiva;C:\WINDOWS\system32;C:\WINDOWS;C:\WINDOWS\System32\Wbem;C:\WINDOWS\System32\WindowsPowerShell\v1.0\;C:\WINDOWS\System32\OpenSSH\;C:\Program Files\apache-maven-3.9.12\bin;C:\Program Files\Eclipse Adoptium\jdk-17.0.18.8-hotspot\bin;C:\Gradle\gradle-9.4.1\bin;C:\Users\Shivam kashyap\AppData\Local\Programs\Microsoft VS Code\bin;C:\Users\Shivam kashyap\AppData\Roaming\npm;C:\Users\Shivam kashyap\AppData\Local\Programs\cursor\resources\app\bin;C:\Users\Shivam kashyap\AppData\Local\JetBrains\Toolbox\scripts
USERNAME=Shivam kashyap
OS=Windows_NT
PROCESSOR_IDENTIFIER=AMD64 Family 25 Model 80 Stepping 0, AuthenticAMD
TMP=C:\Users\SHIVAM~1\AppData\Local\Temp
TEMP=C:\Users\SHIVAM~1\AppData\Local\Temp




Periodic native trim disabled

---------------  S Y S T E M  ---------------

OS:
 Windows 11 , 64 bit Build 26100 (10.0.26100.8246)
OS uptime: 11 days 11:01 hours

CPU: total 12 (initial active 12) (12 cores per cpu, 2 threads per core) family 25 model 80 stepping 0 microcode 0xa50000d, cx8, cmov, fxsr, ht, mmx, 3dnowpref, sse, sse2, sse3, ssse3, sse4a, sse4.1, sse4.2, popcnt, lzcnt, tsc, tscinvbit, avx, avx2, aes, erms, clmul, bmi1, bmi2, adx, sha, fma, vzeroupper, clflush, clflushopt, rdtscp, rdpid, fsrm, f16c, pku, cet_ss
Processor Information for processor 0
  Max Mhz: 3301, Current Mhz: 2011, Mhz Limit: 3301
Processor Information for processor 1
  Max Mhz: 3301, Current Mhz: 3301, Mhz Limit: 3301
Processor Information for processor 2
  Max Mhz: 3301, Current Mhz: 2011, Mhz Limit: 3301
Processor Information for processor 3
  Max Mhz: 3301, Current Mhz: 3301, Mhz Limit: 3301
Processor Information for processor 4
  Max Mhz: 3301, Current Mhz: 2011, Mhz Limit: 3301
Processor Information for processor 5
  Max Mhz: 3301, Current Mhz: 3301, Mhz Limit: 3301
Processor Information for processor 6
  Max Mhz: 3301, Current Mhz: 2011, Mhz Limit: 3301
Processor Information for processor 7
  Max Mhz: 3301, Current Mhz: 2011, Mhz Limit: 3301
Processor Information for processor 8
  Max Mhz: 3301, Current Mhz: 2011, Mhz Limit: 3301
Processor Information for processor 9
  Max Mhz: 3301, Current Mhz: 2011, Mhz Limit: 3301
Processor Information for processor 10
  Max Mhz: 3301, Current Mhz: 2011, Mhz Limit: 3301
Processor Information for processor 11
  Max Mhz: 3301, Current Mhz: 3301, Mhz Limit: 3301

Memory: 4k page, system-wide physical 7521M (282M free)
TotalPageFile size 31073M (AvailPageFile size 3M)
current process WorkingSet (physical memory assigned to process): 173M, peak: 173M
current process commit charge ("private bytes"): 250M, peak: 252M

vm_info: OpenJDK 64-Bit Server VM (21.0.10+7-LTS) for windows-amd64 JRE (21.0.10+7-LTS), built on 2026-01-20T00:00:00Z by "admin" with MS VC++ 17.12 (VS2022)

END.
