#
# There is insufficient memory for the Java Runtime Environment to continue.
# Native memory allocation (malloc) failed to allocate 1048576 bytes. Error detail: AllocateHeap
# Possible reasons:
#   The system is out of physical RAM or swap space
#   This process is running with CompressedOops enabled, and the Java Heap may be blocking the growth of the native heap
# Possible solutions:
#   Reduce memory load on the system
#   Increase physical memory or swap space
#   Check if swap backing store is full
#   Decrease Java heap size (-Xmx/-Xms)
#   Decrease number of Java threads
#   Decrease Java thread stack sizes (-Xss)
#   Set larger code cache with -XX:ReservedCodeCacheSize=
#   JVM is running with Unscaled Compressed Oops mode in which the Java heap is
#     placed in the first 4GB address space. The Java Heap base address is the
#     maximum limit for the native heap growth. Please use -XX:HeapBaseMinAddress
#     to set the Java Heap base and to place the Java Heap above 4GB virtual address.
# This output file may be truncated or incomplete.
#
#  Out of Memory Error (allocation.cpp:44), pid=3012, tid=27932
#
# JRE version: OpenJDK Runtime Environment Temurin-21.0.10+7 (21.0.10+7) (build 21.0.10+7-LTS)
# Java VM: OpenJDK 64-Bit Server VM Temurin-21.0.10+7 (21.0.10+7-LTS, mixed mode, sharing, tiered, compressed oops, compressed class ptrs, g1 gc, windows-amd64)
# No core dump will be written. Minidumps are not enabled by default on client versions of Windows
#

---------------  S U M M A R Y ------------

Command Line: --add-modules=ALL-SYSTEM --add-opens=java.base/java.util=ALL-UNNAMED --add-opens=java.base/java.lang=ALL-UNNAMED --add-opens=java.base/sun.nio.fs=ALL-UNNAMED -Declipse.application=org.eclipse.jdt.ls.core.id1 -Dosgi.bundles.defaultStartLevel=4 -Declipse.product=org.eclipse.jdt.ls.core.product -Djava.import.generatesMetadataFilesAtProjectRoot=false -DDetectVMInstallationsJob.disabled=true -Dfile.encoding=utf8 -Xlog:disable -javaagent:c:\Users\Shivam kashyap\.vscode\extensions\redhat.java-1.54.0-win32-x64\lombok\lombok-1.18.39-4050.jar -XX:+HeapDumpOnOutOfMemoryError -XX:HeapDumpPath=c:\Users\Shivam kashyap\AppData\Roaming\Code\User\workspaceStorage\b45f4505078a78ac88fad20cdb7fce0f\redhat.java -Daether.dependencyCollector.impl=bf c:\Users\Shivam kashyap\.vscode\extensions\redhat.java-1.54.0-win32-x64\server\plugins\org.eclipse.equinox.launcher_1.7.100.v20251111-0406.jar -configuration c:\Users\Shivam kashyap\AppData\Roaming\Code\User\globalStorage\redhat.java\1.54.0\config_win -data c:\Users\Shivam kashyap\AppData\Roaming\Code\User\workspaceStorage\b45f4505078a78ac88fad20cdb7fce0f\redhat.java\jdt_ws --pipe=\\.\pipe\lsp-270cf1b5cd4517e78018aabf8ea3acc1-sock

Host: AMD Ryzen 5 5600H with Radeon Graphics         , 12 cores, 7G,  Windows 11 , 64 bit Build 26100 (10.0.26100.8246)
Time: Fri May  1 20:46:36 2026 India Standard Time elapsed time: 15657.686787 seconds (0d 4h 20m 57s)

---------------  T H R E A D  ---------------

Current thread (0x000002217f129120):  JavaThread "Attach Listener" daemon [_thread_in_vm, id=27932, stack(0x000000c403f00000,0x000000c404000000) (1024K)]

Stack: [0x000000c403f00000,0x000000c404000000]
Native frames: (J=compiled Java code, j=interpreted, Vv=VM code, C=native code)
V  [jvm.dll+0x6d7a39]
V  [jvm.dll+0x8b4b26]
V  [jvm.dll+0x8b70de]
V  [jvm.dll+0x8b77c3]
V  [jvm.dll+0x284346]
V  [jvm.dll+0xc1277]
V  [jvm.dll+0x6d82e9]
V  [jvm.dll+0x1334a6]
V  [jvm.dll+0x3f857e]
V  [jvm.dll+0x85f59d]
V  [jvm.dll+0x6d626d]
C  [ucrtbase.dll+0x37b0]
C  [KERNEL32.DLL+0x2e8d7]
C  [ntdll.dll+0x8c3fc]


---------------  P R O C E S S  ---------------

Threads class SMR info:
_java_thread_list=0x000002215dd21b60, length=45, elements={
0x000002217811c330, 0x000002217f121e80, 0x000002217f123bf0, 0x000002217f1286c0,
0x000002217f129120, 0x000002217f134ec0, 0x000002217f136490, 0x000002217f13a670,
0x000002217f140320, 0x00000221581f7a90, 0x0000022158356d40, 0x00000221585fd7f0,
0x0000022158cf17d0, 0x0000022158ba5c80, 0x00000221587edbe0, 0x0000022158069ff0,
0x000002215807bbe0, 0x0000022158a69500, 0x00000221589ea1e0, 0x00000221589eb590,
0x00000221589e8e30, 0x00000221589ea870, 0x00000221589e9b50, 0x00000221589ebc20,
0x000002215b3b09b0, 0x000002215b3b3e30, 0x000002215b3b2a80, 0x000002215b3b44c0,
0x000002215b3b1d60, 0x000002215b3b1040, 0x000002215b3b23f0, 0x000002215b3b4b50,
0x000002215b3b3110, 0x000002215b3b37a0, 0x000002215b3b16d0, 0x000002215b3b6c20,
0x000002215b3b5f00, 0x0000022159bda990, 0x0000022159bdb020, 0x0000022159bdd0f0,
0x0000022159bde4a0, 0x0000022159bdd780, 0x0000022159bdb6b0, 0x0000022159bdc3d0,
0x0000022159bdca60
}

Java Threads: ( => current thread )
  0x000002217811c330 JavaThread "main"                              [_thread_blocked, id=25216, stack(0x000000c403400000,0x000000c403500000) (1024K)]
  0x000002217f121e80 JavaThread "Reference Handler"          daemon [_thread_blocked, id=18224, stack(0x000000c403c00000,0x000000c403d00000) (1024K)]
  0x000002217f123bf0 JavaThread "Finalizer"                  daemon [_thread_blocked, id=16916, stack(0x000000c403d00000,0x000000c403e00000) (1024K)]
  0x000002217f1286c0 JavaThread "Signal Dispatcher"          daemon [_thread_blocked, id=25840, stack(0x000000c403e00000,0x000000c403f00000) (1024K)]
=>0x000002217f129120 JavaThread "Attach Listener"            daemon [_thread_in_vm, id=27932, stack(0x000000c403f00000,0x000000c404000000) (1024K)]
  0x000002217f134ec0 JavaThread "Service Thread"             daemon [_thread_blocked, id=18144, stack(0x000000c404000000,0x000000c404100000) (1024K)]
  0x000002217f136490 JavaThread "Monitor Deflation Thread"   daemon [_thread_blocked, id=24988, stack(0x000000c404100000,0x000000c404200000) (1024K)]
  0x000002217f13a670 JavaThread "C2 CompilerThread0"         daemon [_thread_blocked, id=2792, stack(0x000000c404200000,0x000000c404300000) (1024K)]
  0x000002217f140320 JavaThread "C1 CompilerThread0"         daemon [_thread_blocked, id=26460, stack(0x000000c404300000,0x000000c404400000) (1024K)]
  0x00000221581f7a90 JavaThread "Common-Cleaner"             daemon [_thread_blocked, id=21636, stack(0x000000c404400000,0x000000c404500000) (1024K)]
  0x0000022158356d40 JavaThread "Notification Thread"        daemon [_thread_blocked, id=16068, stack(0x000000c404600000,0x000000c404700000) (1024K)]
  0x00000221585fd7f0 JavaThread "Active Thread: Equinox Container: 774c785c-be4c-4f9b-9d48-8c858f1bc466"        [_thread_blocked, id=27500, stack(0x000000c404e00000,0x000000c404f00000) (1024K)]
  0x0000022158cf17d0 JavaThread "Refresh Thread: Equinox Container: 774c785c-be4c-4f9b-9d48-8c858f1bc466" daemon [_thread_blocked, id=25836, stack(0x000000c404500000,0x000000c404600000) (1024K)]
  0x0000022158ba5c80 JavaThread "Framework Event Dispatcher: Equinox Container: 774c785c-be4c-4f9b-9d48-8c858f1bc466" daemon [_thread_blocked, id=17020, stack(0x000000c404d00000,0x000000c404e00000) (1024K)]
  0x00000221587edbe0 JavaThread "Start Level: Equinox Container: 774c785c-be4c-4f9b-9d48-8c858f1bc466" daemon [_thread_blocked, id=680, stack(0x000000c404f00000,0x000000c405000000) (1024K)]
  0x0000022158069ff0 JavaThread "Bundle File Closer"         daemon [_thread_blocked, id=26140, stack(0x000000c405200000,0x000000c405300000) (1024K)]
  0x000002215807bbe0 JavaThread "SCR Component Actor"        daemon [_thread_blocked, id=28192, stack(0x000000c405100000,0x000000c405200000) (1024K)]
  0x0000022158a69500 JavaThread "Worker-JM"                         [_thread_blocked, id=27628, stack(0x000000c405500000,0x000000c405600000) (1024K)]
  0x00000221589ea1e0 JavaThread "Java indexing"              daemon [_thread_blocked, id=18648, stack(0x000000c405c00000,0x000000c405d00000) (1024K)]
  0x00000221589eb590 JavaThread "JNA Cleaner"                daemon [_thread_blocked, id=6976, stack(0x000000c405d00000,0x000000c405e00000) (1024K)]
  0x00000221589e8e30 JavaThread "Worker-3"                          [_thread_blocked, id=3640, stack(0x000000c406200000,0x000000c406300000) (1024K)]
  0x00000221589ea870 JavaThread "Thread-1"                   daemon [_thread_in_native, id=22376, stack(0x000000c406300000,0x000000c406400000) (1024K)]
  0x00000221589e9b50 JavaThread "Thread-2"                   daemon [_thread_in_native, id=23472, stack(0x000000c406400000,0x000000c406500000) (1024K)]
  0x00000221589ebc20 JavaThread "Thread-3"                   daemon [_thread_in_native, id=12656, stack(0x000000c406500000,0x000000c406600000) (1024K)]
  0x000002215b3b09b0 JavaThread "Thread-4"                   daemon [_thread_in_native, id=20780, stack(0x000000c406600000,0x000000c406700000) (1024K)]
  0x000002215b3b3e30 JavaThread "Thread-5"                   daemon [_thread_in_native, id=15380, stack(0x000000c406700000,0x000000c406800000) (1024K)]
  0x000002215b3b2a80 JavaThread "Thread-6"                   daemon [_thread_in_native, id=2948, stack(0x000000c406800000,0x000000c406900000) (1024K)]
  0x000002215b3b44c0 JavaThread "Thread-7"                   daemon [_thread_in_native, id=18912, stack(0x000000c406900000,0x000000c406a00000) (1024K)]
  0x000002215b3b1d60 JavaThread "Thread-8"                   daemon [_thread_in_native, id=18180, stack(0x000000c406a00000,0x000000c406b00000) (1024K)]
  0x000002215b3b1040 JavaThread "Thread-9"                   daemon [_thread_in_native, id=8960, stack(0x000000c406b00000,0x000000c406c00000) (1024K)]
  0x000002215b3b23f0 JavaThread "Thread-10"                  daemon [_thread_in_native, id=3092, stack(0x000000c406c00000,0x000000c406d00000) (1024K)]
  0x000002215b3b4b50 JavaThread "Thread-11"                  daemon [_thread_in_native, id=8896, stack(0x000000c406d00000,0x000000c406e00000) (1024K)]
  0x000002215b3b3110 JavaThread "Thread-12"                  daemon [_thread_in_native, id=4896, stack(0x000000c406e00000,0x000000c406f00000) (1024K)]
  0x000002215b3b37a0 JavaThread "Thread-13"                  daemon [_thread_in_native, id=14320, stack(0x000000c406f00000,0x000000c407000000) (1024K)]
  0x000002215b3b16d0 JavaThread "pool-2-thread-1"                   [_thread_blocked, id=5580, stack(0x000000c407000000,0x000000c407100000) (1024K)]
  0x000002215b3b6c20 JavaThread "WorkspaceEventsHandler"            [_thread_blocked, id=28616, stack(0x000000c407100000,0x000000c407200000) (1024K)]
  0x000002215b3b5f00 JavaThread "pool-1-thread-1"                   [_thread_blocked, id=19588, stack(0x000000c407200000,0x000000c407300000) (1024K)]
  0x0000022159bda990 JavaThread "Timer-0"                           [_thread_blocked, id=13844, stack(0x000000c405400000,0x000000c405500000) (1024K)]
  0x0000022159bdb020 JavaThread "Timer-1"                           [_thread_blocked, id=24900, stack(0x000000c407800000,0x000000c407900000) (1024K)]
  0x0000022159bdd0f0 JavaThread "Timer-2"                           [_thread_blocked, id=4124, stack(0x000000c407900000,0x000000c407a00000) (1024K)]
  0x0000022159bde4a0 JavaThread "Timer-3"                           [_thread_blocked, id=28652, stack(0x000000c407a00000,0x000000c407b00000) (1024K)]
  0x0000022159bdd780 JavaThread "Timer-4"                           [_thread_blocked, id=18000, stack(0x000000c407b00000,0x000000c407c00000) (1024K)]
  0x0000022159bdb6b0 JavaThread "Timer-5"                           [_thread_blocked, id=21124, stack(0x000000c403200000,0x000000c403300000) (1024K)]
  0x0000022159bdc3d0 JavaThread "Worker-6"                          [_thread_blocked, id=26128, stack(0x000000c405300000,0x000000c405400000) (1024K)]
  0x0000022159bdca60 JavaThread "Timer-6"                           [_thread_blocked, id=20168, stack(0x000000c405800000,0x000000c405900000) (1024K)]
Total: 45

Other Threads:
  0x000002217f102050 VMThread "VM Thread"                           [id=10276, stack(0x000000c403b00000,0x000000c403c00000) (1024K)]
  0x000002217f0f1570 WatcherThread "VM Periodic Task Thread"        [id=25924, stack(0x000000c403a00000,0x000000c403b00000) (1024K)]
  0x000002217a6763b0 WorkerThread "GC Thread#0"                     [id=14428, stack(0x000000c403500000,0x000000c403600000) (1024K)]
  0x0000022158bc5360 WorkerThread "GC Thread#1"                     [id=26808, stack(0x000000c404700000,0x000000c404800000) (1024K)]
  0x000002215881efc0 WorkerThread "GC Thread#2"                     [id=7032, stack(0x000000c404800000,0x000000c404900000) (1024K)]
  0x00000221586f1d90 WorkerThread "GC Thread#3"                     [id=18620, stack(0x000000c404900000,0x000000c404a00000) (1024K)]
  0x00000221586f2140 WorkerThread "GC Thread#4"                     [id=27716, stack(0x000000c404a00000,0x000000c404b00000) (1024K)]
  0x00000221586f24f0 WorkerThread "GC Thread#5"                     [id=28624, stack(0x000000c404b00000,0x000000c404c00000) (1024K)]
  0x00000221586f28a0 WorkerThread "GC Thread#6"                     [id=9120, stack(0x000000c404c00000,0x000000c404d00000) (1024K)]
  0x0000022158d67a40 WorkerThread "GC Thread#7"                     [id=26968, stack(0x000000c405000000,0x000000c405100000) (1024K)]
  0x0000022159078370 WorkerThread "GC Thread#8"                     [id=25696, stack(0x000000c405600000,0x000000c405700000) (1024K)]
  0x0000022159079d40 WorkerThread "GC Thread#9"                     [id=23312, stack(0x000000c405700000,0x000000c405800000) (1024K)]
  0x000002217a687b20 ConcurrentGCThread "G1 Main Marker"            [id=22840, stack(0x000000c403600000,0x000000c403700000) (1024K)]
  0x000002217a688440 WorkerThread "G1 Conc#0"                       [id=22800, stack(0x000000c403700000,0x000000c403800000) (1024K)]
  0x0000022159078720 WorkerThread "G1 Conc#1"                       [id=25456, stack(0x000000c405a00000,0x000000c405b00000) (1024K)]
  0x0000022159078ad0 WorkerThread "G1 Conc#2"                       [id=5236, stack(0x000000c405b00000,0x000000c405c00000) (1024K)]
  0x000002217efbf560 ConcurrentGCThread "G1 Refine#0"               [id=25640, stack(0x000000c403800000,0x000000c403900000) (1024K)]
  0x000002217efc0da0 ConcurrentGCThread "G1 Service"                [id=18640, stack(0x000000c403900000,0x000000c403a00000) (1024K)]
Total: 18

Threads with active compile tasks:
Total: 0

VM state: not at safepoint (normal execution)

VM Mutex/Monitor currently owned by a thread: None

Heap address: 0x000000008a600000, size: 1882 MB, Compressed Oops mode: 32-bit

CDS archive(s) mapped at: [0x0000022113000000-0x0000022113ba0000-0x0000022113ba0000), size 12189696, SharedBaseAddress: 0x0000022113000000, ArchiveRelocationMode: 1.
Compressed class space mapped at: 0x0000022114000000-0x0000022154000000, reserved size: 1073741824
Narrow klass base: 0x0000022113000000, Narrow klass shift: 0, Narrow klass range: 0x100000000

GC Precious Log:
 CardTable entry size: 512
 Card Set container configuration: InlinePtr #cards 5 size 8 Array Of Cards #cards 12 size 40 Howl #buckets 4 coarsen threshold 1843 Howl Bitmap #cards 512 size 80 coarsen threshold 460 Card regions per heap region 1 cards per card region 2048
 CPUs: 12 total, 12 available
 Memory: 7521M
 Large Page Support: Disabled
 NUMA Support: Disabled
 Compressed Oops: Enabled (32-bit)
 Heap Region Size: 1M
 Heap Min Capacity: 8M
 Heap Initial Capacity: 118M
 Heap Max Capacity: 1882M
 Pre-touch: Disabled
 Parallel Workers: 10
 Concurrent Workers: 3
 Concurrent Refinement Workers: 10
 Periodic GC: Disabled

Heap:
 garbage-first heap   total 157696K, used 83691K [0x000000008a600000, 0x0000000100000000)
  region size 1024K, 35 young (35840K), 4 survivors (4096K)
 Metaspace       used 70616K, committed 72256K, reserved 1114112K
  class space    used 8875K, committed 9600K, reserved 1048576K

Heap Regions: E=young(eden), S=young(survivor), O=old, HS=humongous(starts), HC=humongous(continues), CS=collection set, F=free, TAMS=top-at-mark-start, PB=parsable bottom
|   0|0x000000008a600000, 0x000000008a700000, 0x000000008a700000|100%| O|  |TAMS 0x000000008a600000| PB 0x000000008a600000| Untracked 
|   1|0x000000008a700000, 0x000000008a800000, 0x000000008a800000|100%| O|  |TAMS 0x000000008a700000| PB 0x000000008a700000| Untracked 
|   2|0x000000008a800000, 0x000000008a900000, 0x000000008a900000|100%| O|  |TAMS 0x000000008a800000| PB 0x000000008a800000| Untracked 
|   3|0x000000008a900000, 0x000000008aa00000, 0x000000008aa00000|100%| O|Cm|TAMS 0x000000008a900000| PB 0x000000008a900000| Complete 
|   4|0x000000008aa00000, 0x000000008ab00000, 0x000000008ab00000|100%| O|  |TAMS 0x000000008aa00000| PB 0x000000008aa00000| Untracked 
|   5|0x000000008ab00000, 0x000000008ac00000, 0x000000008ac00000|100%| O|  |TAMS 0x000000008ab00000| PB 0x000000008ab00000| Untracked 
|   6|0x000000008ac00000, 0x000000008ad00000, 0x000000008ad00000|100%| O|  |TAMS 0x000000008ac00000| PB 0x000000008ac00000| Untracked 
|   7|0x000000008ad00000, 0x000000008ae00000, 0x000000008ae00000|100%| O|  |TAMS 0x000000008ad00000| PB 0x000000008ad00000| Untracked 
|   8|0x000000008ae00000, 0x000000008af00000, 0x000000008af00000|100%| O|  |TAMS 0x000000008ae00000| PB 0x000000008ae00000| Untracked 
|   9|0x000000008af00000, 0x000000008b000000, 0x000000008b000000|100%| O|  |TAMS 0x000000008af00000| PB 0x000000008af00000| Untracked 
|  10|0x000000008b000000, 0x000000008b100000, 0x000000008b100000|100%| O|  |TAMS 0x000000008b000000| PB 0x000000008b000000| Untracked 
|  11|0x000000008b100000, 0x000000008b200000, 0x000000008b200000|100%|HS|  |TAMS 0x000000008b100000| PB 0x000000008b100000| Complete 
|  12|0x000000008b200000, 0x000000008b300000, 0x000000008b300000|100%| O|  |TAMS 0x000000008b200000| PB 0x000000008b200000| Untracked 
|  13|0x000000008b300000, 0x000000008b400000, 0x000000008b400000|100%| O|  |TAMS 0x000000008b300000| PB 0x000000008b300000| Untracked 
|  14|0x000000008b400000, 0x000000008b500000, 0x000000008b500000|100%| O|  |TAMS 0x000000008b400000| PB 0x000000008b400000| Untracked 
|  15|0x000000008b500000, 0x000000008b600000, 0x000000008b600000|100%| O|  |TAMS 0x000000008b500000| PB 0x000000008b500000| Untracked 
|  16|0x000000008b600000, 0x000000008b700000, 0x000000008b700000|100%| O|  |TAMS 0x000000008b600000| PB 0x000000008b600000| Untracked 
|  17|0x000000008b700000, 0x000000008b800000, 0x000000008b800000|100%| O|  |TAMS 0x000000008b700000| PB 0x000000008b700000| Untracked 
|  18|0x000000008b800000, 0x000000008b900000, 0x000000008b900000|100%| O|  |TAMS 0x000000008b800000| PB 0x000000008b800000| Untracked 
|  19|0x000000008b900000, 0x000000008ba00000, 0x000000008ba00000|100%| O|  |TAMS 0x000000008b900000| PB 0x000000008b900000| Untracked 
|  20|0x000000008ba00000, 0x000000008bb00000, 0x000000008bb00000|100%| O|  |TAMS 0x000000008ba00000| PB 0x000000008ba00000| Untracked 
|  21|0x000000008bb00000, 0x000000008bc00000, 0x000000008bc00000|100%| O|  |TAMS 0x000000008bb00000| PB 0x000000008bb00000| Untracked 
|  22|0x000000008bc00000, 0x000000008bc00000, 0x000000008bd00000|  0%| F|  |TAMS 0x000000008bc00000| PB 0x000000008bc00000| Untracked 
|  23|0x000000008bd00000, 0x000000008be00000, 0x000000008be00000|100%| O|  |TAMS 0x000000008bd00000| PB 0x000000008bd00000| Untracked 
|  24|0x000000008be00000, 0x000000008bf00000, 0x000000008bf00000|100%| O|  |TAMS 0x000000008be00000| PB 0x000000008be00000| Untracked 
|  25|0x000000008bf00000, 0x000000008c000000, 0x000000008c000000|100%| O|  |TAMS 0x000000008bf00000| PB 0x000000008bf00000| Untracked 
|  26|0x000000008c000000, 0x000000008c100000, 0x000000008c100000|100%|HS|  |TAMS 0x000000008c000000| PB 0x000000008c000000| Complete 
|  27|0x000000008c100000, 0x000000008c200000, 0x000000008c200000|100%|HS|  |TAMS 0x000000008c100000| PB 0x000000008c100000| Complete 
|  28|0x000000008c200000, 0x000000008c300000, 0x000000008c300000|100%|HC|  |TAMS 0x000000008c200000| PB 0x000000008c200000| Complete 
|  29|0x000000008c300000, 0x000000008c400000, 0x000000008c400000|100%|HC|  |TAMS 0x000000008c300000| PB 0x000000008c300000| Complete 
|  30|0x000000008c400000, 0x000000008c500000, 0x000000008c500000|100%| O|  |TAMS 0x000000008c400000| PB 0x000000008c400000| Untracked 
|  31|0x000000008c500000, 0x000000008c600000, 0x000000008c600000|100%| O|  |TAMS 0x000000008c500000| PB 0x000000008c500000| Untracked 
|  32|0x000000008c600000, 0x000000008c700000, 0x000000008c700000|100%| O|  |TAMS 0x000000008c600000| PB 0x000000008c600000| Untracked 
|  33|0x000000008c700000, 0x000000008c800000, 0x000000008c800000|100%|HS|  |TAMS 0x000000008c700000| PB 0x000000008c700000| Complete 
|  34|0x000000008c800000, 0x000000008c900000, 0x000000008c900000|100%| O|  |TAMS 0x000000008c800000| PB 0x000000008c800000| Untracked 
|  35|0x000000008c900000, 0x000000008ca00000, 0x000000008ca00000|100%| O|  |TAMS 0x000000008c900000| PB 0x000000008c900000| Untracked 
|  36|0x000000008ca00000, 0x000000008cb00000, 0x000000008cb00000|100%| O|  |TAMS 0x000000008ca00000| PB 0x000000008ca00000| Untracked 
|  37|0x000000008cb00000, 0x000000008cc00000, 0x000000008cc00000|100%| O|  |TAMS 0x000000008cb00000| PB 0x000000008cb00000| Untracked 
|  38|0x000000008cc00000, 0x000000008cd00000, 0x000000008cd00000|100%| O|  |TAMS 0x000000008cc00000| PB 0x000000008cc00000| Untracked 
|  39|0x000000008cd00000, 0x000000008cde1478, 0x000000008ce00000| 87%| O|  |TAMS 0x000000008cd00000| PB 0x000000008cd00000| Untracked 
|  40|0x000000008ce00000, 0x000000008cf00000, 0x000000008cf00000|100%| O|  |TAMS 0x000000008ce00000| PB 0x000000008ce00000| Untracked 
|  41|0x000000008cf00000, 0x000000008d000000, 0x000000008d000000|100%|HS|  |TAMS 0x000000008cf00000| PB 0x000000008cf00000| Complete 
|  42|0x000000008d000000, 0x000000008d100000, 0x000000008d100000|100%| O|  |TAMS 0x000000008d000000| PB 0x000000008d000000| Untracked 
|  43|0x000000008d100000, 0x000000008d200000, 0x000000008d200000|100%|HS|  |TAMS 0x000000008d100000| PB 0x000000008d100000| Complete 
|  44|0x000000008d200000, 0x000000008d300000, 0x000000008d300000|100%|HC|  |TAMS 0x000000008d200000| PB 0x000000008d200000| Complete 
|  45|0x000000008d300000, 0x000000008d400000, 0x000000008d400000|100%|HS|  |TAMS 0x000000008d300000| PB 0x000000008d300000| Complete 
|  46|0x000000008d400000, 0x000000008d400000, 0x000000008d500000|  0%| F|  |TAMS 0x000000008d400000| PB 0x000000008d400000| Untracked 
|  47|0x000000008d500000, 0x000000008d500000, 0x000000008d600000|  0%| F|  |TAMS 0x000000008d500000| PB 0x000000008d500000| Untracked 
|  48|0x000000008d600000, 0x000000008d600000, 0x000000008d700000|  0%| F|  |TAMS 0x000000008d600000| PB 0x000000008d600000| Untracked 
|  49|0x000000008d700000, 0x000000008d700000, 0x000000008d800000|  0%| F|  |TAMS 0x000000008d700000| PB 0x000000008d700000| Untracked 
|  50|0x000000008d800000, 0x000000008d800000, 0x000000008d900000|  0%| F|  |TAMS 0x000000008d800000| PB 0x000000008d800000| Untracked 
|  51|0x000000008d900000, 0x000000008d900000, 0x000000008da00000|  0%| F|  |TAMS 0x000000008d900000| PB 0x000000008d900000| Untracked 
|  52|0x000000008da00000, 0x000000008da00000, 0x000000008db00000|  0%| F|  |TAMS 0x000000008da00000| PB 0x000000008da00000| Untracked 
|  53|0x000000008db00000, 0x000000008db00000, 0x000000008dc00000|  0%| F|  |TAMS 0x000000008db00000| PB 0x000000008db00000| Untracked 
|  54|0x000000008dc00000, 0x000000008dc00000, 0x000000008dd00000|  0%| F|  |TAMS 0x000000008dc00000| PB 0x000000008dc00000| Untracked 
|  55|0x000000008dd00000, 0x000000008dd00000, 0x000000008de00000|  0%| F|  |TAMS 0x000000008dd00000| PB 0x000000008dd00000| Untracked 
|  56|0x000000008de00000, 0x000000008de00000, 0x000000008df00000|  0%| F|  |TAMS 0x000000008de00000| PB 0x000000008de00000| Untracked 
|  57|0x000000008df00000, 0x000000008df00000, 0x000000008e000000|  0%| F|  |TAMS 0x000000008df00000| PB 0x000000008df00000| Untracked 
|  58|0x000000008e000000, 0x000000008e0d9b00, 0x000000008e100000| 85%| S|CS|TAMS 0x000000008e000000| PB 0x000000008e000000| Complete 
|  59|0x000000008e100000, 0x000000008e200000, 0x000000008e200000|100%| S|CS|TAMS 0x000000008e100000| PB 0x000000008e100000| Complete 
|  60|0x000000008e200000, 0x000000008e300000, 0x000000008e300000|100%| S|CS|TAMS 0x000000008e200000| PB 0x000000008e200000| Complete 
|  61|0x000000008e300000, 0x000000008e400000, 0x000000008e400000|100%| S|CS|TAMS 0x000000008e300000| PB 0x000000008e300000| Complete 
|  62|0x000000008e400000, 0x000000008e400000, 0x000000008e500000|  0%| F|  |TAMS 0x000000008e400000| PB 0x000000008e400000| Untracked 
|  63|0x000000008e500000, 0x000000008e500000, 0x000000008e600000|  0%| F|  |TAMS 0x000000008e500000| PB 0x000000008e500000| Untracked 
|  64|0x000000008e600000, 0x000000008e600000, 0x000000008e700000|  0%| F|  |TAMS 0x000000008e600000| PB 0x000000008e600000| Untracked 
|  65|0x000000008e700000, 0x000000008e700000, 0x000000008e800000|  0%| F|  |TAMS 0x000000008e700000| PB 0x000000008e700000| Untracked 
|  66|0x000000008e800000, 0x000000008e800000, 0x000000008e900000|  0%| F|  |TAMS 0x000000008e800000| PB 0x000000008e800000| Untracked 
|  67|0x000000008e900000, 0x000000008e900000, 0x000000008ea00000|  0%| F|  |TAMS 0x000000008e900000| PB 0x000000008e900000| Untracked 
|  68|0x000000008ea00000, 0x000000008ea00000, 0x000000008eb00000|  0%| F|  |TAMS 0x000000008ea00000| PB 0x000000008ea00000| Untracked 
|  69|0x000000008eb00000, 0x000000008eb00000, 0x000000008ec00000|  0%| F|  |TAMS 0x000000008eb00000| PB 0x000000008eb00000| Untracked 
|  70|0x000000008ec00000, 0x000000008ec00000, 0x000000008ed00000|  0%| F|  |TAMS 0x000000008ec00000| PB 0x000000008ec00000| Untracked 
|  71|0x000000008ed00000, 0x000000008ed00000, 0x000000008ee00000|  0%| F|  |TAMS 0x000000008ed00000| PB 0x000000008ed00000| Untracked 
|  72|0x000000008ee00000, 0x000000008ee00000, 0x000000008ef00000|  0%| F|  |TAMS 0x000000008ee00000| PB 0x000000008ee00000| Untracked 
|  73|0x000000008ef00000, 0x000000008ef00000, 0x000000008f000000|  0%| F|  |TAMS 0x000000008ef00000| PB 0x000000008ef00000| Untracked 
|  74|0x000000008f000000, 0x000000008f000000, 0x000000008f100000|  0%| F|  |TAMS 0x000000008f000000| PB 0x000000008f000000| Untracked 
|  75|0x000000008f100000, 0x000000008f100000, 0x000000008f200000|  0%| F|  |TAMS 0x000000008f100000| PB 0x000000008f100000| Untracked 
|  76|0x000000008f200000, 0x000000008f200000, 0x000000008f300000|  0%| F|  |TAMS 0x000000008f200000| PB 0x000000008f200000| Untracked 
|  77|0x000000008f300000, 0x000000008f300000, 0x000000008f400000|  0%| F|  |TAMS 0x000000008f300000| PB 0x000000008f300000| Untracked 
|  78|0x000000008f400000, 0x000000008f400000, 0x000000008f500000|  0%| F|  |TAMS 0x000000008f400000| PB 0x000000008f400000| Untracked 
|  79|0x000000008f500000, 0x000000008f500000, 0x000000008f600000|  0%| F|  |TAMS 0x000000008f500000| PB 0x000000008f500000| Untracked 
|  80|0x000000008f600000, 0x000000008f600000, 0x000000008f700000|  0%| F|  |TAMS 0x000000008f600000| PB 0x000000008f600000| Untracked 
|  81|0x000000008f700000, 0x000000008f700000, 0x000000008f800000|  0%| F|  |TAMS 0x000000008f700000| PB 0x000000008f700000| Untracked 
|  82|0x000000008f800000, 0x000000008f800000, 0x000000008f900000|  0%| F|  |TAMS 0x000000008f800000| PB 0x000000008f800000| Untracked 
|  83|0x000000008f900000, 0x000000008f900000, 0x000000008fa00000|  0%| F|  |TAMS 0x000000008f900000| PB 0x000000008f900000| Untracked 
|  84|0x000000008fa00000, 0x000000008fa00000, 0x000000008fb00000|  0%| F|  |TAMS 0x000000008fa00000| PB 0x000000008fa00000| Untracked 
|  85|0x000000008fb00000, 0x000000008fb00000, 0x000000008fc00000|  0%| F|  |TAMS 0x000000008fb00000| PB 0x000000008fb00000| Untracked 
|  86|0x000000008fc00000, 0x000000008fc00000, 0x000000008fd00000|  0%| F|  |TAMS 0x000000008fc00000| PB 0x000000008fc00000| Untracked 
|  87|0x000000008fd00000, 0x000000008fd00000, 0x000000008fe00000|  0%| F|  |TAMS 0x000000008fd00000| PB 0x000000008fd00000| Untracked 
|  88|0x000000008fe00000, 0x000000008fe00000, 0x000000008ff00000|  0%| F|  |TAMS 0x000000008fe00000| PB 0x000000008fe00000| Untracked 
|  89|0x000000008ff00000, 0x000000008ff00000, 0x0000000090000000|  0%| F|  |TAMS 0x000000008ff00000| PB 0x000000008ff00000| Untracked 
|  90|0x0000000090000000, 0x0000000090000000, 0x0000000090100000|  0%| F|  |TAMS 0x0000000090000000| PB 0x0000000090000000| Untracked 
|  91|0x0000000090100000, 0x0000000090100000, 0x0000000090200000|  0%| F|  |TAMS 0x0000000090100000| PB 0x0000000090100000| Untracked 
|  92|0x0000000090200000, 0x0000000090200000, 0x0000000090300000|  0%| F|  |TAMS 0x0000000090200000| PB 0x0000000090200000| Untracked 
|  93|0x0000000090300000, 0x0000000090300000, 0x0000000090400000|  0%| F|  |TAMS 0x0000000090300000| PB 0x0000000090300000| Untracked 
|  94|0x0000000090400000, 0x0000000090400000, 0x0000000090500000|  0%| F|  |TAMS 0x0000000090400000| PB 0x0000000090400000| Untracked 
|  95|0x0000000090500000, 0x0000000090500000, 0x0000000090600000|  0%| F|  |TAMS 0x0000000090500000| PB 0x0000000090500000| Untracked 
|  96|0x0000000090600000, 0x0000000090600000, 0x0000000090700000|  0%| F|  |TAMS 0x0000000090600000| PB 0x0000000090600000| Untracked 
|  97|0x0000000090700000, 0x0000000090700000, 0x0000000090800000|  0%| F|  |TAMS 0x0000000090700000| PB 0x0000000090700000| Untracked 
|  98|0x0000000090800000, 0x0000000090800000, 0x0000000090900000|  0%| F|  |TAMS 0x0000000090800000| PB 0x0000000090800000| Untracked 
|  99|0x0000000090900000, 0x0000000090900000, 0x0000000090a00000|  0%| F|  |TAMS 0x0000000090900000| PB 0x0000000090900000| Untracked 
| 100|0x0000000090a00000, 0x0000000090a00000, 0x0000000090b00000|  0%| F|  |TAMS 0x0000000090a00000| PB 0x0000000090a00000| Untracked 
| 101|0x0000000090b00000, 0x0000000090b00000, 0x0000000090c00000|  0%| F|  |TAMS 0x0000000090b00000| PB 0x0000000090b00000| Untracked 
| 102|0x0000000090c00000, 0x0000000090c00000, 0x0000000090d00000|  0%| F|  |TAMS 0x0000000090c00000| PB 0x0000000090c00000| Untracked 
| 103|0x0000000090d00000, 0x0000000090d00000, 0x0000000090e00000|  0%| F|  |TAMS 0x0000000090d00000| PB 0x0000000090d00000| Untracked 
| 104|0x0000000090e00000, 0x0000000090e00000, 0x0000000090f00000|  0%| F|  |TAMS 0x0000000090e00000| PB 0x0000000090e00000| Untracked 
| 105|0x0000000090f00000, 0x0000000090f00000, 0x0000000091000000|  0%| F|  |TAMS 0x0000000090f00000| PB 0x0000000090f00000| Untracked 
| 106|0x0000000091000000, 0x0000000091000000, 0x0000000091100000|  0%| F|  |TAMS 0x0000000091000000| PB 0x0000000091000000| Untracked 
| 107|0x0000000091100000, 0x0000000091100000, 0x0000000091200000|  0%| F|  |TAMS 0x0000000091100000| PB 0x0000000091100000| Untracked 
| 108|0x0000000091200000, 0x0000000091200000, 0x0000000091300000|  0%| F|  |TAMS 0x0000000091200000| PB 0x0000000091200000| Untracked 
| 109|0x0000000091300000, 0x0000000091300000, 0x0000000091400000|  0%| F|  |TAMS 0x0000000091300000| PB 0x0000000091300000| Untracked 
| 110|0x0000000091400000, 0x0000000091400000, 0x0000000091500000|  0%| F|  |TAMS 0x0000000091400000| PB 0x0000000091400000| Untracked 
| 111|0x0000000091500000, 0x0000000091500000, 0x0000000091600000|  0%| F|  |TAMS 0x0000000091500000| PB 0x0000000091500000| Untracked 
| 112|0x0000000091600000, 0x0000000091600000, 0x0000000091700000|  0%| F|  |TAMS 0x0000000091600000| PB 0x0000000091600000| Untracked 
| 113|0x0000000091700000, 0x0000000091700000, 0x0000000091800000|  0%| F|  |TAMS 0x0000000091700000| PB 0x0000000091700000| Untracked 
| 114|0x0000000091800000, 0x0000000091800000, 0x0000000091900000|  0%| F|  |TAMS 0x0000000091800000| PB 0x0000000091800000| Untracked 
| 115|0x0000000091900000, 0x0000000091900000, 0x0000000091a00000|  0%| F|  |TAMS 0x0000000091900000| PB 0x0000000091900000| Untracked 
| 116|0x0000000091a00000, 0x0000000091a00000, 0x0000000091b00000|  0%| F|  |TAMS 0x0000000091a00000| PB 0x0000000091a00000| Untracked 
| 117|0x0000000091b00000, 0x0000000091b00000, 0x0000000091c00000|  0%| F|  |TAMS 0x0000000091b00000| PB 0x0000000091b00000| Untracked 
| 118|0x0000000091c00000, 0x0000000091c00000, 0x0000000091d00000|  0%| F|  |TAMS 0x0000000091c00000| PB 0x0000000091c00000| Untracked 
| 119|0x0000000091d00000, 0x0000000091d2ff78, 0x0000000091e00000| 18%| E|  |TAMS 0x0000000091d00000| PB 0x0000000091d00000| Complete 
| 120|0x0000000091e00000, 0x0000000091f00000, 0x0000000091f00000|100%| E|CS|TAMS 0x0000000091e00000| PB 0x0000000091e00000| Complete 
| 121|0x0000000091f00000, 0x0000000092000000, 0x0000000092000000|100%| E|  |TAMS 0x0000000091f00000| PB 0x0000000091f00000| Complete 
| 122|0x0000000092000000, 0x0000000092100000, 0x0000000092100000|100%| E|CS|TAMS 0x0000000092000000| PB 0x0000000092000000| Complete 
| 123|0x0000000092100000, 0x0000000092200000, 0x0000000092200000|100%| E|CS|TAMS 0x0000000092100000| PB 0x0000000092100000| Complete 
| 124|0x0000000092200000, 0x0000000092300000, 0x0000000092300000|100%| E|CS|TAMS 0x0000000092200000| PB 0x0000000092200000| Complete 
| 125|0x0000000092300000, 0x0000000092400000, 0x0000000092400000|100%| E|CS|TAMS 0x0000000092300000| PB 0x0000000092300000| Complete 
| 126|0x0000000092400000, 0x0000000092500000, 0x0000000092500000|100%| E|CS|TAMS 0x0000000092400000| PB 0x0000000092400000| Complete 
| 127|0x0000000092500000, 0x0000000092600000, 0x0000000092600000|100%| E|CS|TAMS 0x0000000092500000| PB 0x0000000092500000| Complete 
| 128|0x0000000092600000, 0x0000000092700000, 0x0000000092700000|100%| E|CS|TAMS 0x0000000092600000| PB 0x0000000092600000| Complete 
| 129|0x0000000092700000, 0x0000000092800000, 0x0000000092800000|100%| E|CS|TAMS 0x0000000092700000| PB 0x0000000092700000| Complete 
| 130|0x0000000092800000, 0x0000000092900000, 0x0000000092900000|100%| E|CS|TAMS 0x0000000092800000| PB 0x0000000092800000| Complete 
| 131|0x0000000092900000, 0x0000000092a00000, 0x0000000092a00000|100%| E|CS|TAMS 0x0000000092900000| PB 0x0000000092900000| Complete 
| 132|0x0000000092a00000, 0x0000000092b00000, 0x0000000092b00000|100%| E|CS|TAMS 0x0000000092a00000| PB 0x0000000092a00000| Complete 
| 133|0x0000000092b00000, 0x0000000092c00000, 0x0000000092c00000|100%| E|CS|TAMS 0x0000000092b00000| PB 0x0000000092b00000| Complete 
| 134|0x0000000092c00000, 0x0000000092d00000, 0x0000000092d00000|100%| E|CS|TAMS 0x0000000092c00000| PB 0x0000000092c00000| Complete 
| 135|0x0000000092d00000, 0x0000000092e00000, 0x0000000092e00000|100%| E|CS|TAMS 0x0000000092d00000| PB 0x0000000092d00000| Complete 
| 136|0x0000000092e00000, 0x0000000092f00000, 0x0000000092f00000|100%| E|CS|TAMS 0x0000000092e00000| PB 0x0000000092e00000| Complete 
| 137|0x0000000092f00000, 0x0000000093000000, 0x0000000093000000|100%| E|CS|TAMS 0x0000000092f00000| PB 0x0000000092f00000| Complete 
| 138|0x0000000093000000, 0x0000000093100000, 0x0000000093100000|100%| E|CS|TAMS 0x0000000093000000| PB 0x0000000093000000| Complete 
| 139|0x0000000093100000, 0x0000000093200000, 0x0000000093200000|100%| E|CS|TAMS 0x0000000093100000| PB 0x0000000093100000| Complete 
| 140|0x0000000093200000, 0x0000000093300000, 0x0000000093300000|100%| E|CS|TAMS 0x0000000093200000| PB 0x0000000093200000| Complete 
| 141|0x0000000093300000, 0x0000000093400000, 0x0000000093400000|100%| E|CS|TAMS 0x0000000093300000| PB 0x0000000093300000| Complete 
| 142|0x0000000093400000, 0x0000000093500000, 0x0000000093500000|100%| E|CS|TAMS 0x0000000093400000| PB 0x0000000093400000| Complete 
| 143|0x0000000093500000, 0x0000000093600000, 0x0000000093600000|100%| E|CS|TAMS 0x0000000093500000| PB 0x0000000093500000| Complete 
| 144|0x0000000093600000, 0x0000000093700000, 0x0000000093700000|100%| E|CS|TAMS 0x0000000093600000| PB 0x0000000093600000| Complete 
| 145|0x0000000093700000, 0x0000000093800000, 0x0000000093800000|100%| E|CS|TAMS 0x0000000093700000| PB 0x0000000093700000| Complete 
| 349|0x00000000a0300000, 0x00000000a0400000, 0x00000000a0400000|100%| E|CS|TAMS 0x00000000a0300000| PB 0x00000000a0300000| Complete 
| 350|0x00000000a0400000, 0x00000000a0500000, 0x00000000a0500000|100%| E|CS|TAMS 0x00000000a0400000| PB 0x00000000a0400000| Complete 
| 351|0x00000000a0500000, 0x00000000a0600000, 0x00000000a0600000|100%| E|CS|TAMS 0x00000000a0500000| PB 0x00000000a0500000| Complete 
| 352|0x00000000a0600000, 0x00000000a0700000, 0x00000000a0700000|100%| E|CS|TAMS 0x00000000a0600000| PB 0x00000000a0600000| Complete 
|1878|0x00000000ffc00000, 0x00000000ffd00000, 0x00000000ffd00000|100%| O|  |TAMS 0x00000000ffc00000| PB 0x00000000ffc00000| Untracked 
|1879|0x00000000ffd00000, 0x00000000ffe00000, 0x00000000ffe00000|100%| O|  |TAMS 0x00000000ffd00000| PB 0x00000000ffd00000| Untracked 
|1880|0x00000000ffe00000, 0x00000000fff00000, 0x00000000fff00000|100%| O|  |TAMS 0x00000000ffe00000| PB 0x00000000ffe00000| Untracked 
|1881|0x00000000fff00000, 0x0000000100000000, 0x0000000100000000|100%| O|  |TAMS 0x00000000fff00000| PB 0x00000000fff00000| Untracked 

Card table byte_map: [0x000002217e120000,0x000002217e4d0000] _byte_map_base: 0x000002217dccd000

Marking Bits: (CMBitMap*) 0x000002217a6770e0
 Bits: [0x000002210f000000, 0x0000022110d68000)

Polling page: 0x00000221783b0000

Metaspace:

Usage:
  Non-class:     60.29 MB used.
      Class:      8.67 MB used.
       Both:     68.96 MB used.

Virtual space:
  Non-class space:       64.00 MB reserved,      61.19 MB ( 96%) committed,  1 nodes.
      Class space:        1.00 GB reserved,       9.38 MB ( <1%) committed,  1 nodes.
             Both:        1.06 GB reserved,      70.56 MB (  6%) committed. 

Chunk freelists:
   Non-Class:  2.86 MB
       Class:  6.63 MB
        Both:  9.49 MB

MaxMetaspaceSize: unlimited
CompressedClassSpaceSize: 1.00 GB
Initial GC threshold: 21.00 MB
Current GC threshold: 115.31 MB
CDS: on
 - commit_granule_bytes: 65536.
 - commit_granule_words: 8192.
 - virtual_space_node_default_size: 8388608.
 - enlarge_chunks_in_place: 1.
 - use_allocation_guard: 0.


Internal statistics:

num_allocs_failed_limit: 6.
num_arena_births: 1426.
num_arena_deaths: 14.
num_vsnodes_births: 2.
num_vsnodes_deaths: 0.
num_space_committed: 1129.
num_space_uncommitted: 0.
num_chunks_returned_to_freelist: 20.
num_chunks_taken_from_freelist: 4437.
num_chunk_merges: 8.
num_chunk_splits: 2796.
num_chunks_enlarged: 1698.
num_inconsistent_stats: 0.

CodeHeap 'non-profiled nmethods': size=120000Kb used=5146Kb max_used=5674Kb free=114853Kb
 bounds [0x0000022107ad0000, 0x0000022108080000, 0x000002210f000000]
CodeHeap 'profiled nmethods': size=120000Kb used=6804Kb max_used=13487Kb free=113195Kb
 bounds [0x0000022100000000, 0x0000022100d30000, 0x0000022107530000]
CodeHeap 'non-nmethods': size=5760Kb used=1611Kb max_used=1692Kb free=4148Kb
 bounds [0x0000022107530000, 0x00000221077a0000, 0x0000022107ad0000]
CodeCache: size=245760Kb, used=13561Kb, max_used=20853Kb, free=232196Kb
 total_blobs=5130, nmethods=4380, adapters=654, full_count=0
Compilation: enabled, stopped_count=0, restarted_count=0

Compilation events (20 events):
Event: 14723.738 Thread 0x000002217f13a670 11905       4       java.util.concurrent.locks.AbstractQueuedSynchronizer$ConditionObject::unlinkCancelledWaiters (91 bytes)
Event: 14723.756 Thread 0x000002217f13a670 nmethod 11905 0x0000022107d3a010 code [0x0000022107d3a1a0, 0x0000022107d3a490]
Event: 15234.456 Thread 0x000002217f140320 11906       3       java.util.logging.LogManager::getLogManager (16 bytes)
Event: 15234.465 Thread 0x000002217f140320 nmethod 11906 0x000002210051de10 code [0x000002210051dfc0, 0x000002210051e100]
Event: 15234.465 Thread 0x000002217f140320 11907   !   3       java.util.logging.LogManager$LoggerContext::findLogger (113 bytes)
Event: 15234.491 Thread 0x000002217f140320 nmethod 11907 0x000002210051c710 code [0x000002210051c9c0, 0x000002210051d888]
Event: 15264.472 Thread 0x000002217f140320 11908       3       jdk.internal.logger.DefaultLoggerFinder::isSystem (18 bytes)
Event: 15264.489 Thread 0x000002217f140320 nmethod 11908 0x000002210051b810 code [0x000002210051ba60, 0x000002210051c3b0]
Event: 15264.489 Thread 0x000002217f140320 11909       3       jdk.internal.logger.DefaultLoggerFinder$1::<init> (10 bytes)
Event: 15264.489 Thread 0x000002217f140320 nmethod 11909 0x000002210051b390 code [0x000002210051b540, 0x000002210051b708]
Event: 15303.597 Thread 0x000002217f140320 11910       1       org.eclipse.core.internal.jobs.InternalJob::setProgressMonitor (6 bytes)
Event: 15303.601 Thread 0x000002217f140320 nmethod 11910 0x0000022107d39d10 code [0x0000022107d39ea0, 0x0000022107d39fb8]
Event: 15564.298 Thread 0x000002217f13a670 11911       4       java.util.concurrent.locks.ReentrantLock$NonfairSync::tryAcquire (27 bytes)
Event: 15564.304 Thread 0x000002217f13a670 nmethod 11911 0x0000022107d39910 code [0x0000022107d39aa0, 0x0000022107d39c30]
Event: 15594.571 Thread 0x000002217f140320 11912       3       java.util.logging.Logger::getLogger (8 bytes)
Event: 15594.582 Thread 0x000002217f140320 nmethod 11912 0x000002210051af10 code [0x000002210051b0e0, 0x000002210051b2a0]
Event: 15594.582 Thread 0x000002217f140320 11913       3       java.util.logging.Logger::getLogger (7 bytes)
Event: 15594.582 Thread 0x000002217f140320 nmethod 11913 0x000002210051ab90 code [0x000002210051ad40, 0x000002210051ae68]
Event: 15594.582 Thread 0x000002217f140320 11914       3       java.util.logging.Logger::demandLogger (36 bytes)
Event: 15594.586 Thread 0x000002217f140320 nmethod 11914 0x0000022100519990 code [0x0000022100519c40, 0x000002210051a738]

GC Heap History (20 events):
Event: 255.873 GC heap before
{Heap before GC invocations=61 (full 0):
 garbage-first heap   total 157696K, used 139265K [0x000000008a600000, 0x0000000100000000)
  region size 1024K, 92 young (94208K), 1 survivors (1024K)
 Metaspace       used 68439K, committed 69952K, reserved 1114112K
  class space    used 8612K, committed 9344K, reserved 1048576K
}
Event: 256.564 GC heap after
{Heap after GC invocations=62 (full 0):
 garbage-first heap   total 157696K, used 46054K [0x000000008a600000, 0x0000000100000000)
  region size 1024K, 1 young (1024K), 1 survivors (1024K)
 Metaspace       used 68439K, committed 69952K, reserved 1114112K
  class space    used 8612K, committed 9344K, reserved 1048576K
}
Event: 256.601 GC heap before
{Heap before GC invocations=62 (full 0):
 garbage-first heap   total 157696K, used 52198K [0x000000008a600000, 0x0000000100000000)
  region size 1024K, 7 young (7168K), 1 survivors (1024K)
 Metaspace       used 68439K, committed 69952K, reserved 1114112K
  class space    used 8612K, committed 9344K, reserved 1048576K
}
Event: 256.604 GC heap after
{Heap after GC invocations=63 (full 0):
 garbage-first heap   total 157696K, used 46020K [0x000000008a600000, 0x0000000100000000)
  region size 1024K, 1 young (1024K), 1 survivors (1024K)
 Metaspace       used 68439K, committed 69952K, reserved 1114112K
  class space    used 8612K, committed 9344K, reserved 1048576K
}
Event: 256.623 GC heap before
{Heap before GC invocations=63 (full 0):
 garbage-first heap   total 157696K, used 52164K [0x000000008a600000, 0x0000000100000000)
  region size 1024K, 7 young (7168K), 1 survivors (1024K)
 Metaspace       used 68439K, committed 69952K, reserved 1114112K
  class space    used 8612K, committed 9344K, reserved 1048576K
}
Event: 256.627 GC heap after
{Heap after GC invocations=64 (full 0):
 garbage-first heap   total 157696K, used 46033K [0x000000008a600000, 0x0000000100000000)
  region size 1024K, 1 young (1024K), 1 survivors (1024K)
 Metaspace       used 68439K, committed 69952K, reserved 1114112K
  class space    used 8612K, committed 9344K, reserved 1048576K
}
Event: 256.713 GC heap before
{Heap before GC invocations=64 (full 0):
 garbage-first heap   total 157696K, used 63441K [0x000000008a600000, 0x0000000100000000)
  region size 1024K, 18 young (18432K), 1 survivors (1024K)
 Metaspace       used 68439K, committed 69952K, reserved 1114112K
  class space    used 8612K, committed 9344K, reserved 1048576K
}
Event: 256.730 GC heap after
{Heap after GC invocations=65 (full 0):
 garbage-first heap   total 365568K, used 46105K [0x000000008a600000, 0x0000000100000000)
  region size 1024K, 1 young (1024K), 1 survivors (1024K)
 Metaspace       used 68439K, committed 69952K, reserved 1114112K
  class space    used 8612K, committed 9344K, reserved 1048576K
}
Event: 258.729 GC heap before
{Heap before GC invocations=66 (full 0):
 garbage-first heap   total 157696K, used 139289K [0x000000008a600000, 0x0000000100000000)
  region size 1024K, 92 young (94208K), 1 survivors (1024K)
 Metaspace       used 68439K, committed 69952K, reserved 1114112K
  class space    used 8612K, committed 9344K, reserved 1048576K
}
Event: 258.730 GC heap after
{Heap after GC invocations=67 (full 0):
 garbage-first heap   total 157696K, used 46038K [0x000000008a600000, 0x0000000100000000)
  region size 1024K, 1 young (1024K), 1 survivors (1024K)
 Metaspace       used 68439K, committed 69952K, reserved 1114112K
  class space    used 8612K, committed 9344K, reserved 1048576K
}
Event: 262.276 GC heap before
{Heap before GC invocations=67 (full 0):
 garbage-first heap   total 157696K, used 139222K [0x000000008a600000, 0x0000000100000000)
  region size 1024K, 92 young (94208K), 1 survivors (1024K)
 Metaspace       used 68439K, committed 69952K, reserved 1114112K
  class space    used 8612K, committed 9344K, reserved 1048576K
}
Event: 262.280 GC heap after
{Heap after GC invocations=68 (full 0):
 garbage-first heap   total 157696K, used 45976K [0x000000008a600000, 0x0000000100000000)
  region size 1024K, 1 young (1024K), 1 survivors (1024K)
 Metaspace       used 68439K, committed 69952K, reserved 1114112K
  class space    used 8612K, committed 9344K, reserved 1048576K
}
Event: 266.580 GC heap before
{Heap before GC invocations=68 (full 0):
 garbage-first heap   total 157696K, used 139160K [0x000000008a600000, 0x0000000100000000)
  region size 1024K, 92 young (94208K), 1 survivors (1024K)
 Metaspace       used 68446K, committed 69952K, reserved 1114112K
  class space    used 8612K, committed 9344K, reserved 1048576K
}
Event: 266.582 GC heap after
{Heap after GC invocations=69 (full 0):
 garbage-first heap   total 157696K, used 45973K [0x000000008a600000, 0x0000000100000000)
  region size 1024K, 1 young (1024K), 1 survivors (1024K)
 Metaspace       used 68446K, committed 69952K, reserved 1114112K
  class space    used 8612K, committed 9344K, reserved 1048576K
}
Event: 1121.211 GC heap before
{Heap before GC invocations=70 (full 0):
 garbage-first heap   total 157696K, used 138133K [0x000000008a600000, 0x0000000100000000)
  region size 1024K, 92 young (94208K), 1 survivors (1024K)
 Metaspace       used 68527K, committed 70080K, reserved 1114112K
  class space    used 8618K, committed 9344K, reserved 1048576K
}
Event: 1121.220 GC heap after
{Heap after GC invocations=71 (full 0):
 garbage-first heap   total 157696K, used 46284K [0x000000008a600000, 0x0000000100000000)
  region size 1024K, 1 young (1024K), 1 survivors (1024K)
 Metaspace       used 68527K, committed 70080K, reserved 1114112K
  class space    used 8618K, committed 9344K, reserved 1048576K
}
Event: 1134.646 GC heap before
{Heap before GC invocations=71 (full 0):
 garbage-first heap   total 157696K, used 142540K [0x000000008a600000, 0x0000000100000000)
  region size 1024K, 92 young (94208K), 1 survivors (1024K)
 Metaspace       used 69086K, committed 70656K, reserved 1114112K
  class space    used 8696K, committed 9408K, reserved 1048576K
}
Event: 1134.660 GC heap after
{Heap after GC invocations=72 (full 0):
 garbage-first heap   total 157696K, used 53748K [0x000000008a600000, 0x0000000100000000)
  region size 1024K, 4 young (4096K), 4 survivors (4096K)
 Metaspace       used 69086K, committed 70656K, reserved 1114112K
  class space    used 8696K, committed 9408K, reserved 1048576K
}
Event: 1137.479 GC heap before
{Heap before GC invocations=72 (full 0):
 garbage-first heap   total 157696K, used 142836K [0x000000008a600000, 0x0000000100000000)
  region size 1024K, 92 young (94208K), 4 survivors (4096K)
 Metaspace       used 69335K, committed 70848K, reserved 1114112K
  class space    used 8713K, committed 9408K, reserved 1048576K
}
Event: 1137.486 GC heap after
{Heap after GC invocations=73 (full 0):
 garbage-first heap   total 157696K, used 53995K [0x000000008a600000, 0x0000000100000000)
  region size 1024K, 4 young (4096K), 4 survivors (4096K)
 Metaspace       used 69335K, committed 70848K, reserved 1114112K
  class space    used 8713K, committed 9408K, reserved 1048576K
}

Dll operation events (15 events):
Event: 0.012 Loaded shared library c:\Users\Shivam kashyap\.vscode\extensions\redhat.java-1.54.0-win32-x64\jre\21.0.10-win32-x86_64\bin\java.dll
Event: 0.088 Loaded shared library c:\Users\Shivam kashyap\.vscode\extensions\redhat.java-1.54.0-win32-x64\jre\21.0.10-win32-x86_64\bin\zip.dll
Event: 0.110 Loaded shared library C:\Users\Shivam kashyap\.vscode\extensions\redhat.java-1.54.0-win32-x64\jre\21.0.10-win32-x86_64\bin\instrument.dll
Event: 0.116 Loaded shared library C:\Users\Shivam kashyap\.vscode\extensions\redhat.java-1.54.0-win32-x64\jre\21.0.10-win32-x86_64\bin\net.dll
Event: 0.119 Loaded shared library C:\Users\Shivam kashyap\.vscode\extensions\redhat.java-1.54.0-win32-x64\jre\21.0.10-win32-x86_64\bin\nio.dll
Event: 0.122 Loaded shared library C:\Users\Shivam kashyap\.vscode\extensions\redhat.java-1.54.0-win32-x64\jre\21.0.10-win32-x86_64\bin\zip.dll
Event: 0.138 Loaded shared library C:\Users\Shivam kashyap\.vscode\extensions\redhat.java-1.54.0-win32-x64\jre\21.0.10-win32-x86_64\bin\jimage.dll
Event: 0.209 Loaded shared library c:\Users\Shivam kashyap\.vscode\extensions\redhat.java-1.54.0-win32-x64\jre\21.0.10-win32-x86_64\bin\verify.dll
Event: 6.561 Loaded shared library C:\Users\Shivam kashyap\AppData\Roaming\Code\User\globalStorage\redhat.java\1.54.0\config_win\org.eclipse.equinox.launcher\org.eclipse.equinox.launcher.win32.win32.x86_64_1.3.0.v20260203-2149\eclipse_11919.dll
Event: 12.854 Loaded shared library C:\Users\Shivam kashyap\.vscode\extensions\redhat.java-1.54.0-win32-x64\jre\21.0.10-win32-x86_64\bin\management.dll
Event: 12.856 Loaded shared library C:\Users\Shivam kashyap\.vscode\extensions\redhat.java-1.54.0-win32-x64\jre\21.0.10-win32-x86_64\bin\management_ext.dll
Event: 13.690 Loaded shared library C:\Users\Shivam kashyap\AppData\Local\Temp\jna-1590523979\jna15784952128773316160.dll
Event: 13.929 Loaded shared library C:\Users\Shivam kashyap\.vscode\extensions\redhat.java-1.54.0-win32-x64\jre\21.0.10-win32-x86_64\bin\sunmscapi.dll
Event: 14.038 Loaded shared library C:\Users\Shivam kashyap\.vscode\extensions\redhat.java-1.54.0-win32-x64\jre\21.0.10-win32-x86_64\bin\extnet.dll
Event: 16.132 Loaded shared library C:\Users\Shivam kashyap\.gradle\native\1def1411415f61bf3af743bc5b6707747c0891f09f0c88961ee8f79bc544acac\windows-amd64\native-platform.dll

Deoptimization events (20 events):
Event: 1192.561 Thread 0x000002215b3b72b0 DEOPT PACKING pc=0x00000221000fb77e sp=0x000000c407cfd0a0
Event: 1192.561 Thread 0x000002215b3b72b0 DEOPT UNPACKING pc=0x0000022107584bc2 sp=0x000000c407cfc580 mode 0
Event: 1192.577 Thread 0x000002215b3b72b0 DEOPT PACKING pc=0x0000022100116300 sp=0x000000c407cfc8b0
Event: 1192.577 Thread 0x000002215b3b72b0 DEOPT UNPACKING pc=0x0000022107584bc2 sp=0x000000c407cfbea0 mode 0
Event: 1192.577 Thread 0x000002215b3b72b0 DEOPT PACKING pc=0x0000022100116300 sp=0x000000c407cfc8b0
Event: 1192.577 Thread 0x000002215b3b72b0 DEOPT UNPACKING pc=0x0000022107584bc2 sp=0x000000c407cfbea0 mode 0
Event: 1192.590 Thread 0x000002215b3b72b0 DEOPT PACKING pc=0x0000022100a56b91 sp=0x000000c407cfb8f0
Event: 1192.590 Thread 0x000002215b3b72b0 DEOPT UNPACKING pc=0x0000022107584bc2 sp=0x000000c407cfae10 mode 0
Event: 1192.607 Thread 0x000002215b3b72b0 DEOPT PACKING pc=0x00000221005dfdd2 sp=0x000000c407cfdbe0
Event: 1192.607 Thread 0x000002215b3b72b0 DEOPT UNPACKING pc=0x0000022107584bc2 sp=0x000000c407cfd078 mode 0
Event: 11352.186 Thread 0x0000022159bde4a0 DEOPT PACKING pc=0x00000221005527ab sp=0x000000c407aff420
Event: 11352.187 Thread 0x0000022159bde4a0 DEOPT UNPACKING pc=0x0000022107584bc2 sp=0x000000c407afe908 mode 0
Event: 11800.176 Thread 0x0000022159bda990 DEOPT PACKING pc=0x00000221005527ab sp=0x000000c4054ff4c0
Event: 11800.177 Thread 0x0000022159bda990 DEOPT UNPACKING pc=0x0000022107584bc2 sp=0x000000c4054fe9a8 mode 0
Event: 12461.310 Thread 0x0000022159bdca60 DEOPT PACKING pc=0x00000221005527ab sp=0x000000c4058ff0e0
Event: 12461.311 Thread 0x0000022159bdca60 DEOPT UNPACKING pc=0x0000022107584bc2 sp=0x000000c4058fe5c8 mode 0
Event: 13357.213 Thread 0x0000022159bdd780 DEOPT PACKING pc=0x00000221005527ab sp=0x000000c407bff1f0
Event: 13357.215 Thread 0x0000022159bdd780 DEOPT UNPACKING pc=0x0000022107584bc2 sp=0x000000c407bfe6d8 mode 0
Event: 15277.048 Thread 0x0000022159bdd0f0 DEOPT PACKING pc=0x00000221005527ab sp=0x000000c4079feff0
Event: 15277.051 Thread 0x0000022159bdd0f0 DEOPT UNPACKING pc=0x0000022107584bc2 sp=0x000000c4079fe4d8 mode 0

Classes loaded (20 events):
Event: 1137.845 Loading class java/util/function/LongFunction
Event: 1137.846 Loading class java/util/function/LongFunction done
Event: 1137.846 Loading class java/util/stream/Nodes$ConcNode
Event: 1137.847 Loading class java/util/stream/Nodes$AbstractConcNode
Event: 1137.847 Loading class java/util/stream/Nodes$AbstractConcNode done
Event: 1137.847 Loading class java/util/stream/Nodes$ConcNode done
Event: 1137.855 Loading class java/util/concurrent/CompletableFuture$UniExceptionally
Event: 1137.860 Loading class java/util/concurrent/CompletableFuture$UniExceptionally done
Event: 1137.942 Loading class java/util/concurrent/CompletableFuture$Signaller
Event: 1137.942 Loading class java/util/concurrent/CompletableFuture$Signaller done
Event: 1137.989 Loading class java/util/regex/PatternSyntaxException
Event: 1137.989 Loading class java/util/regex/PatternSyntaxException done
Event: 1180.538 Loading class javax/crypto/AEADBadTagException
Event: 1180.539 Loading class javax/crypto/AEADBadTagException done
Event: 1180.539 Loading class javax/net/ssl/SSLHandshakeException
Event: 1180.540 Loading class javax/net/ssl/SSLException
Event: 1180.540 Loading class javax/net/ssl/SSLException done
Event: 1180.540 Loading class javax/net/ssl/SSLHandshakeException done
Event: 1232.357 Loading class java/security/DigestInputStream
Event: 1232.358 Loading class java/security/DigestInputStream done

Classes unloaded (7 events):
Event: 13.930 Thread 0x000002217f102050 Unloading class 0x00000221141a5000 'java/lang/invoke/LambdaForm$MH+0x00000221141a5000'
Event: 13.930 Thread 0x000002217f102050 Unloading class 0x00000221141a4c00 'java/lang/invoke/LambdaForm$MH+0x00000221141a4c00'
Event: 13.930 Thread 0x000002217f102050 Unloading class 0x00000221141a4800 'java/lang/invoke/LambdaForm$MH+0x00000221141a4800'
Event: 13.930 Thread 0x000002217f102050 Unloading class 0x00000221141a4400 'java/lang/invoke/LambdaForm$MH+0x00000221141a4400'
Event: 13.930 Thread 0x000002217f102050 Unloading class 0x00000221141a4000 'java/lang/invoke/LambdaForm$BMH+0x00000221141a4000'
Event: 13.930 Thread 0x000002217f102050 Unloading class 0x00000221141a3c00 'java/lang/invoke/LambdaForm$DMH+0x00000221141a3c00'
Event: 13.930 Thread 0x000002217f102050 Unloading class 0x00000221141a2800 'java/lang/invoke/LambdaForm$DMH+0x00000221141a2800'

Classes redefined (0 events):
No events

Internal exceptions (20 events):
Event: 1137.825 Thread 0x000002215b3b5f00 Exception <a 'sun/nio/fs/WindowsException'{0x0000000093508090}> (0x0000000093508090) 
thrown [s\src\hotspot\share\prims\jni.cpp, line 520]
Event: 1137.826 Thread 0x000002215b3b5f00 Exception <a 'sun/nio/fs/WindowsException'{0x0000000093508ef0}> (0x0000000093508ef0) 
thrown [s\src\hotspot\share\prims\jni.cpp, line 520]
Event: 1137.826 Thread 0x000002215b3b5f00 Exception <a 'sun/nio/fs/WindowsException'{0x0000000093509608}> (0x0000000093509608) 
thrown [s\src\hotspot\share\prims\jni.cpp, line 520]
Event: 1137.828 Thread 0x000002215b3b5f00 Exception <a 'java/lang/IncompatibleClassChangeError'{0x000000009354b6a8}: Found class java.lang.Object, but interface was expected> (0x000000009354b6a8) 
thrown [s\src\hotspot\share\interpreter\linkResolver.cpp, line 840]
Event: 1137.880 Thread 0x0000022159bda300 Implicit null exception at 0x0000022107d2da52 to 0x0000022107d2e6e8
Event: 1137.902 Thread 0x0000022159bda300 Exception <a 'java/lang/NoSuchMethodError'{0x0000000093205418}: 'java.lang.Object java.lang.invoke.DirectMethodHandle$Holder.newInvokeSpecial(java.lang.Object, java.lang.Object, java.lang.Object, java.lang.Object, java.lang.Object, java.lang.Object, java.lang.Object, java.lang.Object)'> (0x0000000093205418) 
thrown [s\src\hotspot\share\interpreter\linkResolver.cpp, line 773]
Event: 1137.915 Thread 0x0000022159bda300 Exception <a 'sun/nio/fs/WindowsException'{0x0000000093219a88}> (0x0000000093219a88) 
thrown [s\src\hotspot\share\prims\jni.cpp, line 520]
Event: 1137.917 Thread 0x0000022159bda300 Exception <a 'sun/nio/fs/WindowsException'{0x000000009321efc0}> (0x000000009321efc0) 
thrown [s\src\hotspot\share\prims\jni.cpp, line 520]
Event: 1137.990 Thread 0x0000022159bdde10 Exception <a 'java/lang/NoSuchMethodError'{0x0000000092fdd4f0}: 'java.lang.Object java.lang.invoke.DirectMethodHandle$Holder.invokeSpecial(java.lang.Object, java.lang.Object, int, long)'> (0x0000000092fdd4f0) 
thrown [s\src\hotspot\share\interpreter\linkResolver.cpp, line 773]
Event: 1138.264 Thread 0x000002215b3b51e0 Implicit null exception at 0x0000022107b7b6c1 to 0x0000022107b7b9d0
Event: 1192.419 Thread 0x000002215b3b72b0 Implicit null exception at 0x0000022107df862c to 0x0000022107df8b08
Event: 1192.427 Thread 0x000002215b3b72b0 Implicit null exception at 0x0000022107e143ae to 0x0000022107e1486c
Event: 1192.509 Thread 0x000002215b3b72b0 Exception <a 'java/lang/NoSuchMethodError'{0x000000009248cc98}: static Lcom/android/builder/errors/EvalIssueException;.<clinit>()V> (0x000000009248cc98) 
thrown [s\src\hotspot\share\prims\jni.cpp, line 1111]
Event: 1192.565 Thread 0x000002215b3b72b0 Exception <a 'java/lang/NoSuchMethodError'{0x00000000922319e8}: static Lorg/gradle/api/GradleException;.<clinit>()V> (0x00000000922319e8) 
thrown [s\src\hotspot\share\prims\jni.cpp, line 1111]
Event: 1192.565 Thread 0x000002215b3b72b0 Exception <a 'java/lang/NoSuchMethodError'{0x00000000922338f8}: static Lorg/gradle/internal/exceptions/DefaultMultiCauseException;.<clinit>()V> (0x00000000922338f8) 
thrown [s\src\hotspot\share\prims\jni.cpp, line 1111]
Event: 1192.565 Thread 0x000002215b3b72b0 Exception <a 'java/lang/NoSuchMethodError'{0x0000000092237c28}: static Lorg/gradle/api/ProjectConfigurationException;.<clinit>()V> (0x0000000092237c28) 
thrown [s\src\hotspot\share\prims\jni.cpp, line 1111]
Event: 1192.581 Thread 0x000002215b3b72b0 Exception <a 'java/lang/NoSuchMethodError'{0x00000000922ce8a8}: static Lorg/gradle/api/internal/plugins/PluginApplicationException;.<clinit>()V> (0x00000000922ce8a8) 
thrown [s\src\hotspot\share\prims\jni.cpp, line 1111]
Event: 1192.587 Thread 0x000002215b3b72b0 Exception <a 'java/lang/NoSuchMethodError'{0x0000000092113200}: static Lorg/gradle/api/GradleScriptException;.<clinit>()V> (0x0000000092113200) 
thrown [s\src\hotspot\share\prims\jni.cpp, line 1111]
Event: 1192.604 Thread 0x000002215b3b72b0 Exception <a 'java/lang/NoSuchMethodError'{0x00000000921a6e08}: static Lorg/gradle/internal/exceptions/ContextAwareException;.<clinit>()V> (0x00000000921a6e08) 
thrown [s\src\hotspot\share\prims\jni.cpp, line 1111]
Event: 1192.605 Thread 0x000002215b3b72b0 Exception <a 'java/lang/NoSuchMethodError'{0x00000000921a91d8}: static Lorg/gradle/internal/exceptions/LocationAwareException;.<clinit>()V> (0x00000000921a91d8) 
thrown [s\src\hotspot\share\prims\jni.cpp, line 1111]

ZGC Phase Switch (0 events):
No events

VM Operations (20 events):
Event: 15379.084 Executing non-safepoint VM operation: RendezvousGCThreads
Event: 15379.084 Executing non-safepoint VM operation: RendezvousGCThreads done
Event: 15439.161 Executing non-safepoint VM operation: HandshakeAllThreads (HandshakeForDeflation)
Event: 15439.161 Executing non-safepoint VM operation: HandshakeAllThreads (HandshakeForDeflation) done
Event: 15439.161 Executing non-safepoint VM operation: RendezvousGCThreads
Event: 15439.161 Executing non-safepoint VM operation: RendezvousGCThreads done
Event: 15499.192 Executing non-safepoint VM operation: HandshakeAllThreads (HandshakeForDeflation)
Event: 15499.192 Executing non-safepoint VM operation: HandshakeAllThreads (HandshakeForDeflation) done
Event: 15499.192 Executing non-safepoint VM operation: RendezvousGCThreads
Event: 15499.193 Executing non-safepoint VM operation: RendezvousGCThreads done
Event: 15559.274 Executing non-safepoint VM operation: HandshakeAllThreads (HandshakeForDeflation)
Event: 15559.275 Executing non-safepoint VM operation: HandshakeAllThreads (HandshakeForDeflation) done
Event: 15559.275 Executing non-safepoint VM operation: RendezvousGCThreads
Event: 15559.275 Executing non-safepoint VM operation: RendezvousGCThreads done
Event: 15565.311 Executing safepoint VM operation: Cleanup
Event: 15565.311 Executing safepoint VM operation: Cleanup done
Event: 15619.352 Executing non-safepoint VM operation: HandshakeAllThreads (HandshakeForDeflation)
Event: 15619.352 Executing non-safepoint VM operation: HandshakeAllThreads (HandshakeForDeflation) done
Event: 15619.352 Executing non-safepoint VM operation: RendezvousGCThreads
Event: 15619.352 Executing non-safepoint VM operation: RendezvousGCThreads done

Memory protections (0 events):
No events

Nmethod flushes (20 events):
Event: 266.725 Thread 0x000002217f102050 flushing  nmethod 0x000002210055d090
Event: 266.725 Thread 0x000002217f102050 flushing  nmethod 0x00000221006e0d90
Event: 266.725 Thread 0x000002217f102050 flushing  nmethod 0x00000221006e3c10
Event: 266.725 Thread 0x000002217f102050 flushing  nmethod 0x00000221006fcc90
Event: 266.725 Thread 0x000002217f102050 flushing  nmethod 0x000002210070fb90
Event: 266.725 Thread 0x000002217f102050 flushing  nmethod 0x0000022100710690
Event: 266.725 Thread 0x000002217f102050 flushing  nmethod 0x0000022100711610
Event: 266.725 Thread 0x000002217f102050 flushing  nmethod 0x0000022100714790
Event: 266.725 Thread 0x000002217f102050 flushing  nmethod 0x0000022100720510
Event: 266.725 Thread 0x000002217f102050 flushing  nmethod 0x000002210073e210
Event: 266.726 Thread 0x000002217f102050 flushing  nmethod 0x00000221008d0d10
Event: 266.726 Thread 0x000002217f102050 flushing  nmethod 0x00000221008d4f10
Event: 266.726 Thread 0x000002217f102050 flushing  nmethod 0x00000221008d6190
Event: 266.726 Thread 0x000002217f102050 flushing  nmethod 0x00000221008d6a90
Event: 266.727 Thread 0x000002217f102050 flushing  nmethod 0x00000221008d7c10
Event: 266.727 Thread 0x000002217f102050 flushing  nmethod 0x00000221008e2510
Event: 266.727 Thread 0x000002217f102050 flushing  nmethod 0x00000221008e5d10
Event: 1137.530 Thread 0x000002217f102050 flushing  nmethod 0x0000022100d06d90
Event: 1137.530 Thread 0x000002217f102050 flushing  nmethod 0x0000022100bd6b10
Event: 1137.530 Thread 0x000002217f102050 flushing  nmethod 0x00000221008b2510

Events (20 events):
Event: 1187.677 Thread 0x0000022159bdc3d0 Thread added: 0x000002215b3b51e0
Event: 1187.678 Thread 0x000002215b3b51e0 Thread exited: 0x000002215b3b51e0
Event: 1192.441 Thread 0x000002217f13a670 Thread added: 0x000002215c54f7b0
Event: 1192.562 Thread 0x000002217f140320 Thread added: 0x000002215c5512f0
Event: 1192.636 Thread 0x000002215b3b72b0 Thread exited: 0x000002215b3b72b0
Event: 1194.736 Thread 0x000002215c5512f0 Thread exited: 0x000002215c5512f0
Event: 1194.737 Thread 0x000002215c54f7b0 Thread exited: 0x000002215c54f7b0
Event: 1198.053 Thread 0x000002215b3b5870 Thread exited: 0x000002215b3b5870
Event: 1198.337 Thread 0x0000022159bdeb30 Thread exited: 0x0000022159bdeb30
Event: 1198.953 Thread 0x0000022159bd9c70 Thread exited: 0x0000022159bd9c70
Event: 1198.954 Thread 0x00000221589eaf00 Thread exited: 0x00000221589eaf00
Event: 1252.668 Thread 0x0000022159bdde10 Thread exited: 0x0000022159bdde10
Event: 1258.345 Thread 0x0000022159bdfee0 Thread exited: 0x0000022159bdfee0
Event: 1258.981 Thread 0x0000022159bda300 Thread exited: 0x0000022159bda300
Event: 1318.341 Thread 0x0000022159bdf850 Thread exited: 0x0000022159bdf850
Event: 1378.350 Thread 0x0000022159bdf1c0 Thread exited: 0x0000022159bdf1c0
Event: 1438.150 Thread 0x0000022159bdc3d0 Thread added: 0x000002215b3b51e0
Event: 1438.154 Thread 0x000002215b3b51e0 Thread exited: 0x000002215b3b51e0
Event: 1438.165 Thread 0x0000022159bdc3d0 Thread added: 0x000002215b3b6590
Event: 1438.167 Thread 0x000002215b3b6590 Thread exited: 0x000002215b3b6590


Dynamic libraries:
0x00007ff6143c0000 - 0x00007ff6143ce000 	c:\Users\Shivam kashyap\.vscode\extensions\redhat.java-1.54.0-win32-x64\jre\21.0.10-win32-x86_64\bin\java.exe
0x00007ffbbd640000 - 0x00007ffbbd8a7000 	C:\WINDOWS\SYSTEM32\ntdll.dll
0x00007ffbbc0d0000 - 0x00007ffbbc199000 	C:\WINDOWS\System32\KERNEL32.DLL
0x00007ffbbada0000 - 0x00007ffbbb194000 	C:\WINDOWS\System32\KERNELBASE.dll
0x00007ffbbb1a0000 - 0x00007ffbbb2eb000 	C:\WINDOWS\System32\ucrtbase.dll
0x00007ffba3e30000 - 0x00007ffba3e4e000 	c:\Users\Shivam kashyap\.vscode\extensions\redhat.java-1.54.0-win32-x64\jre\21.0.10-win32-x86_64\bin\VCRUNTIME140.dll
0x00007ffba8170000 - 0x00007ffba8188000 	c:\Users\Shivam kashyap\.vscode\extensions\redhat.java-1.54.0-win32-x64\jre\21.0.10-win32-x86_64\bin\jli.dll
0x00007ffbbbec0000 - 0x00007ffbbc085000 	C:\WINDOWS\System32\USER32.dll
0x00007ffbbb2f0000 - 0x00007ffbbb317000 	C:\WINDOWS\System32\win32u.dll
0x00007ffbbc090000 - 0x00007ffbbc0bb000 	C:\WINDOWS\System32\GDI32.dll
0x00007ffba2320000 - 0x00007ffba25b3000 	C:\WINDOWS\WinSxS\amd64_microsoft.windows.common-controls_6595b64144ccf1df_6.0.26100.8115_none_3e075c82e3354f9c\COMCTL32.dll
0x00007ffbba080000 - 0x00007ffbba1ab000 	C:\WINDOWS\System32\gdi32full.dll
0x00007ffbbc3b0000 - 0x00007ffbbc459000 	C:\WINDOWS\System32\msvcrt.dll
0x00007ffbba3f0000 - 0x00007ffbba493000 	C:\WINDOWS\System32\msvcp_win.dll
0x00007ffbbbdd0000 - 0x00007ffbbbe02000 	C:\WINDOWS\System32\IMM32.DLL
0x00007ffbb5bc0000 - 0x00007ffbb5bcc000 	c:\Users\Shivam kashyap\.vscode\extensions\redhat.java-1.54.0-win32-x64\jre\21.0.10-win32-x86_64\bin\vcruntime140_1.dll
0x00007ffb72da0000 - 0x00007ffb72e2d000 	c:\Users\Shivam kashyap\.vscode\extensions\redhat.java-1.54.0-win32-x64\jre\21.0.10-win32-x86_64\bin\msvcp140.dll
0x00007ffb395e0000 - 0x00007ffb3a381000 	c:\Users\Shivam kashyap\.vscode\extensions\redhat.java-1.54.0-win32-x64\jre\21.0.10-win32-x86_64\bin\server\jvm.dll
0x00007ffbbcd40000 - 0x00007ffbbcdf6000 	C:\WINDOWS\System32\ADVAPI32.dll
0x00007ffbbbe10000 - 0x00007ffbbbeb7000 	C:\WINDOWS\System32\sechost.dll
0x00007ffbbc660000 - 0x00007ffbbc778000 	C:\WINDOWS\System32\RPCRT4.dll
0x00007ffbbc4f0000 - 0x00007ffbbc570000 	C:\WINDOWS\System32\WS2_32.dll
0x00007ffbb9d90000 - 0x00007ffbb9dee000 	C:\WINDOWS\SYSTEM32\POWRPROF.dll
0x00007ffbb1970000 - 0x00007ffbb19a6000 	C:\WINDOWS\SYSTEM32\WINMM.dll
0x00007ffbb1e30000 - 0x00007ffbb1e3b000 	C:\WINDOWS\SYSTEM32\VERSION.dll
0x00007ffbb9d70000 - 0x00007ffbb9d84000 	C:\WINDOWS\SYSTEM32\UMPDC.dll
0x00007ffbb8ca0000 - 0x00007ffbb8cbb000 	C:\WINDOWS\SYSTEM32\kernel.appcore.dll
0x00007ffbb45e0000 - 0x00007ffbb45ea000 	c:\Users\Shivam kashyap\.vscode\extensions\redhat.java-1.54.0-win32-x64\jre\21.0.10-win32-x86_64\bin\jimage.dll
0x00007ffbae540000 - 0x00007ffbae782000 	C:\WINDOWS\SYSTEM32\DBGHELP.DLL
0x00007ffbbc780000 - 0x00007ffbbcb02000 	C:\WINDOWS\System32\combase.dll
0x00007ffbbc580000 - 0x00007ffbbc658000 	C:\WINDOWS\System32\OLEAUT32.dll
0x00007ffb99180000 - 0x00007ffb991bb000 	C:\WINDOWS\SYSTEM32\dbgcore.DLL
0x00007ffbbb320000 - 0x00007ffbbb3c5000 	C:\WINDOWS\System32\bcryptPrimitives.dll
0x00007ffbb29f0000 - 0x00007ffbb29ff000 	c:\Users\Shivam kashyap\.vscode\extensions\redhat.java-1.54.0-win32-x64\jre\21.0.10-win32-x86_64\bin\instrument.dll
0x00007ffb9e4a0000 - 0x00007ffb9e4c0000 	c:\Users\Shivam kashyap\.vscode\extensions\redhat.java-1.54.0-win32-x64\jre\21.0.10-win32-x86_64\bin\java.dll
0x00007ffbbb440000 - 0x00007ffbbbba7000 	C:\WINDOWS\System32\SHELL32.dll
0x00007ffbb9f10000 - 0x00007ffbba07a000 	C:\WINDOWS\System32\wintypes.dll
0x00007ffbba4a0000 - 0x00007ffbbad08000 	C:\WINDOWS\System32\windows.storage.dll
0x00007ffbbd4f0000 - 0x00007ffbbd5e8000 	C:\WINDOWS\System32\SHCORE.dll
0x00007ffbbc480000 - 0x00007ffbbc4e6000 	C:\WINDOWS\System32\shlwapi.dll
0x00007ffbb9e30000 - 0x00007ffbb9e59000 	C:\WINDOWS\SYSTEM32\profapi.dll
0x00007ffb9e3b0000 - 0x00007ffb9e3c8000 	c:\Users\Shivam kashyap\.vscode\extensions\redhat.java-1.54.0-win32-x64\jre\21.0.10-win32-x86_64\bin\zip.dll
0x00007ffbb3db0000 - 0x00007ffbb3dc0000 	C:\Users\Shivam kashyap\.vscode\extensions\redhat.java-1.54.0-win32-x64\jre\21.0.10-win32-x86_64\bin\net.dll
0x00007ffbb2ff0000 - 0x00007ffbb311d000 	C:\WINDOWS\SYSTEM32\WINHTTP.dll
0x00007ffbb9210000 - 0x00007ffbb927c000 	C:\WINDOWS\system32\mswsock.dll
0x00007ffb9d830000 - 0x00007ffb9d846000 	C:\Users\Shivam kashyap\.vscode\extensions\redhat.java-1.54.0-win32-x64\jre\21.0.10-win32-x86_64\bin\nio.dll
0x00007ffbaa8c0000 - 0x00007ffbaa8d0000 	c:\Users\Shivam kashyap\.vscode\extensions\redhat.java-1.54.0-win32-x64\jre\21.0.10-win32-x86_64\bin\verify.dll
0x00007ffb798b0000 - 0x00007ffb798f5000 	C:\Users\Shivam kashyap\AppData\Roaming\Code\User\globalStorage\redhat.java\1.54.0\config_win\org.eclipse.equinox.launcher\org.eclipse.equinox.launcher.win32.win32.x86_64_1.3.0.v20260203-2149\eclipse_11919.dll
0x00007ffbbcba0000 - 0x00007ffbbcd37000 	C:\WINDOWS\System32\ole32.dll
0x00007ffba64f0000 - 0x00007ffba64fa000 	C:\Users\Shivam kashyap\.vscode\extensions\redhat.java-1.54.0-win32-x64\jre\21.0.10-win32-x86_64\bin\management.dll
0x00007ffba5c30000 - 0x00007ffba5c3c000 	C:\Users\Shivam kashyap\.vscode\extensions\redhat.java-1.54.0-win32-x64\jre\21.0.10-win32-x86_64\bin\management_ext.dll
0x00007ffbbd5f0000 - 0x00007ffbbd5f8000 	C:\WINDOWS\System32\PSAPI.DLL
0x00007ffbb9500000 - 0x00007ffbb951b000 	C:\WINDOWS\SYSTEM32\CRYPTSP.dll
0x00007ffbb8c00000 - 0x00007ffbb8c39000 	C:\WINDOWS\system32\rsaenh.dll
0x00007ffbb92c0000 - 0x00007ffbb92f3000 	C:\WINDOWS\SYSTEM32\USERENV.dll
0x00007ffbb9e00000 - 0x00007ffbb9e2a000 	C:\WINDOWS\SYSTEM32\bcrypt.dll
0x00007ffbb94f0000 - 0x00007ffbb94fc000 	C:\WINDOWS\SYSTEM32\CRYPTBASE.dll
0x00007ffbb86a0000 - 0x00007ffbb86d2000 	C:\WINDOWS\SYSTEM32\IPHLPAPI.DLL
0x00007ffbbc470000 - 0x00007ffbbc47a000 	C:\WINDOWS\System32\NSI.dll
0x00007ffb6c140000 - 0x00007ffb6c189000 	C:\Users\Shivam kashyap\AppData\Local\Temp\jna-1590523979\jna15784952128773316160.dll
0x00007ffbb2f60000 - 0x00007ffbb2f7d000 	C:\WINDOWS\SYSTEM32\dhcpcsvc6.DLL
0x00007ffbb3160000 - 0x00007ffbb3185000 	C:\WINDOWS\SYSTEM32\dhcpcsvc.DLL
0x00007ffba8600000 - 0x00007ffba860e000 	C:\Users\Shivam kashyap\.vscode\extensions\redhat.java-1.54.0-win32-x64\jre\21.0.10-win32-x86_64\bin\sunmscapi.dll
0x00007ffbba270000 - 0x00007ffbba3e7000 	C:\WINDOWS\System32\CRYPT32.dll
0x00007ffbb9710000 - 0x00007ffbb9740000 	C:\WINDOWS\SYSTEM32\ncrypt.dll
0x00007ffbb96c0000 - 0x00007ffbb96ff000 	C:\WINDOWS\SYSTEM32\NTASN1.dll
0x00007ffbb8730000 - 0x00007ffbb8862000 	C:\WINDOWS\SYSTEM32\DNSAPI.dll
0x00007ffbb3300000 - 0x00007ffbb330b000 	C:\Windows\System32\rasadhlp.dll
0x00007ffbb18e0000 - 0x00007ffbb1966000 	C:\WINDOWS\System32\fwpuclnt.dll
0x00007ffba83c0000 - 0x00007ffba83c9000 	C:\Users\Shivam kashyap\.vscode\extensions\redhat.java-1.54.0-win32-x64\jre\21.0.10-win32-x86_64\bin\extnet.dll
0x00007ffb9d850000 - 0x00007ffb9d877000 	C:\Users\Shivam kashyap\.gradle\native\1def1411415f61bf3af743bc5b6707747c0891f09f0c88961ee8f79bc544acac\windows-amd64\native-platform.dll
0x00007ffb6a140000 - 0x00007ffb6a148000 	C:\WINDOWS\system32\wshunix.dll

JVMTI agents:
c:\Users\Shivam kashyap\.vscode\extensions\redhat.java-1.54.0-win32-x64\lombok\lombok-1.18.39-4050.jar path:c:\Users\Shivam kashyap\.vscode\extensions\redhat.java-1.54.0-win32-x64\jre\21.0.10-win32-x86_64\bin\instrument.dll, loaded, initialized, instrumentlib options:none

dbghelp: loaded successfully - version: 4.0.5 - missing functions: none
symbol engine: initialized successfully - sym options: 0x614 - pdb path: .;c:\Users\Shivam kashyap\.vscode\extensions\redhat.java-1.54.0-win32-x64\jre\21.0.10-win32-x86_64\bin;C:\WINDOWS\SYSTEM32;C:\WINDOWS\WinSxS\amd64_microsoft.windows.common-controls_6595b64144ccf1df_6.0.26100.8115_none_3e075c82e3354f9c;c:\Users\Shivam kashyap\.vscode\extensions\redhat.java-1.54.0-win32-x64\jre\21.0.10-win32-x86_64\bin\server;C:\Users\Shivam kashyap\AppData\Roaming\Code\User\globalStorage\redhat.java\1.54.0\config_win\org.eclipse.equinox.launcher\org.eclipse.equinox.launcher.win32.win32.x86_64_1.3.0.v20260203-2149;C:\Users\Shivam kashyap\AppData\Local\Temp\jna-1590523979;C:\Users\Shivam kashyap\.gradle\native\1def1411415f61bf3af743bc5b6707747c0891f09f0c88961ee8f79bc544acac\windows-amd64

VM Arguments:
jvm_args: --add-modules=ALL-SYSTEM --add-opens=java.base/java.util=ALL-UNNAMED --add-opens=java.base/java.lang=ALL-UNNAMED --add-opens=java.base/sun.nio.fs=ALL-UNNAMED -Declipse.application=org.eclipse.jdt.ls.core.id1 -Dosgi.bundles.defaultStartLevel=4 -Declipse.product=org.eclipse.jdt.ls.core.product -Djava.import.generatesMetadataFilesAtProjectRoot=false -DDetectVMInstallationsJob.disabled=true -Dfile.encoding=utf8 -Xlog:disable -javaagent:c:\Users\Shivam kashyap\.vscode\extensions\redhat.java-1.54.0-win32-x64\lombok\lombok-1.18.39-4050.jar -XX:+HeapDumpOnOutOfMemoryError -XX:HeapDumpPath=c:\Users\Shivam kashyap\AppData\Roaming\Code\User\workspaceStorage\b45f4505078a78ac88fad20cdb7fce0f\redhat.java -Daether.dependencyCollector.impl=bf 
java_command: c:\Users\Shivam kashyap\.vscode\extensions\redhat.java-1.54.0-win32-x64\server\plugins\org.eclipse.equinox.launcher_1.7.100.v20251111-0406.jar -configuration c:\Users\Shivam kashyap\AppData\Roaming\Code\User\globalStorage\redhat.java\1.54.0\config_win -data c:\Users\Shivam kashyap\AppData\Roaming\Code\User\workspaceStorage\b45f4505078a78ac88fad20cdb7fce0f\redhat.java\jdt_ws --pipe=\\.\pipe\lsp-270cf1b5cd4517e78018aabf8ea3acc1-sock
java_class_path (initial): c:\Users\Shivam kashyap\.vscode\extensions\redhat.java-1.54.0-win32-x64\server\plugins\org.eclipse.equinox.launcher_1.7.100.v20251111-0406.jar
Launcher Type: SUN_STANDARD

[Global flags]
     intx CICompilerCount                          = 4                                         {product} {ergonomic}
     uint ConcGCThreads                            = 3                                         {product} {ergonomic}
     uint G1ConcRefinementThreads                  = 10                                        {product} {ergonomic}
   size_t G1HeapRegionSize                         = 1048576                                   {product} {ergonomic}
    uintx GCDrainStackTargetSize                   = 64                                        {product} {ergonomic}
     bool HeapDumpOnOutOfMemoryError               = true                                   {manageable} {command line}
    ccstr HeapDumpPath                             = c:\Users\Shivam kashyap\AppData\Roaming\Code\User\workspaceStorage\b45f4505078a78ac88fad20cdb7fce0f\redhat.java         {manageable} {command line}
   size_t InitialHeapSize                          = 123731968                                 {product} {ergonomic}
   size_t MarkStackSize                            = 4194304                                   {product} {ergonomic}
   size_t MaxHeapSize                              = 1973420032                                {product} {ergonomic}
   size_t MaxNewSize                               = 1183842304                                {product} {ergonomic}
   size_t MinHeapDeltaBytes                        = 1048576                                   {product} {ergonomic}
   size_t MinHeapSize                              = 8388608                                   {product} {ergonomic}
    uintx NonNMethodCodeHeapSize                   = 5839372                                {pd product} {ergonomic}
    uintx NonProfiledCodeHeapSize                  = 122909434                              {pd product} {ergonomic}
    uintx ProfiledCodeHeapSize                     = 122909434                              {pd product} {ergonomic}
    uintx ReservedCodeCacheSize                    = 251658240                              {pd product} {ergonomic}
     bool SegmentedCodeCache                       = true                                      {product} {ergonomic}
   size_t SoftMaxHeapSize                          = 1973420032                             {manageable} {ergonomic}
     bool UseCompressedOops                        = true                           {product lp64_product} {ergonomic}
     bool UseG1GC                                  = true                                      {product} {ergonomic}
     bool UseLargePagesIndividualAllocation        = false                                  {pd product} {ergonomic}

Logging:
Log output configuration:
 #0: stdout all=off uptime,level,tags foldmultilines=false
 #1: stderr all=off uptime,level,tags foldmultilines=false

Release file:
JAVA_VERSION="21.0.10" 
MODULES="java.base java.compiler java.datatransfer java.xml java.prefs java.desktop java.instrument java.logging java.management java.security.sasl java.naming java.rmi java.management.rmi java.net.http java.scripting java.security.jgss java.transaction.xa java.sql java.sql.rowset java.xml.crypto java.se java.smartcardio jdk.accessibility jdk.internal.jvmstat jdk.attach jdk.charsets jdk.internal.opt jdk.zipfs jdk.compiler jdk.crypto.ec jdk.crypto.cryptoki jdk.crypto.mscapi jdk.dynalink jdk.internal.ed jdk.editpad jdk.hotspot.agent jdk.httpserver jdk.internal.le jdk.internal.vm.ci jdk.internal.vm.compiler jdk.internal.vm.compiler.management jdk.jartool jdk.javadoc jdk.jcmd jdk.management jdk.management.agent jdk.jconsole jdk.jdeps jdk.jdwp.agent jdk.jdi jdk.jfr jdk.jshell jdk.jsobject jdk.jstatd jdk.localedata jdk.management.jfr jdk.naming.dns jdk.naming.rmi jdk.net jdk.nio.mapmode jdk.random jdk.sctp jdk.security.auth jdk.security.jgss jdk.unsupported jdk.unsupported.desktop jdk.xml.dom" 

Environment Variables:
JAVA_HOME=C:\Program Files\Eclipse Adoptium\jdk-17.0.18.8-hotspot
PATH=C:\Users\Shivam kashyap\AppData\Local\Programs\Microsoft VS Code;c:\Users\Shivam kashyap\AppData\Local\Programs\cursor\resources\app\bin;C:\Program Files\Common Files\Oracle\Java\javapath;C:\Program Files (x86)\Common Files\Intel\Shared Libraries\redist\intel64\compiler;C:\WINDOWS\system32;C:\WINDOWS;C:\Users\Shivam kashyap\AppData\Local\Android\Sdk\platform-tools;C:\WINDOWS\System32\Wbem;C:\WINDOWS\System32\WindowsPowerShell\v1.0\;C:\WINDOWS\System32\OpenSSH\;C:\Program Files\NVIDIA Corporation\NVIDIA app\NvDLISR;C:\Program Files (x86)\NVIDIA Corporation\PhysX\Common;C:\Program Files\MySQL\MySQL Server 8.0\bin;C:\Program Files\nodejs\;C:\Program Files\nodejs;C:\Program Files\Git\cmd;C:\Users\Shivam kashyap\AppData\Local\Programs\Python\Python312\Scripts\;C:\Users\Shivam kashyap\AppData\Local\Programs\Python\Python312\;C:\Users\Shivam kashyap\AppData\Local\Programs\Python\Launcher\;C:\Program Files\MySQL\MySQL Shell 8.0\bin\;C:\Users\Shivam kashyap\AppData\Local\Microsoft\WindowsApps;C:\Program Files\JetBrains\IntelliJ IDEA Community Edition 2025.1.1.1\bin;C:\Users\Shiva;C:\WINDOWS\system32;C:\WINDOWS;C:\WINDOWS\System32\Wbem;C:\WINDOWS\System32\WindowsPowerShell\v1.0\;C:\WINDOWS\System32\OpenSSH\;C:\Program Files\apache-maven-3.9.12\bin;C:\Program Files\Eclipse Adoptium\jdk-17.0.18.8-hotspot\bin;C:\Gradle\gradle-9.4.1\bin;C:\Users\Shivam kashyap\AppData\Local\Programs\Microsoft VS Code\bin;C:\Users\Shivam kashyap\AppData\Roaming\npm;C:\Users\Shivam kashyap\AppData\Local\Programs\cursor\resources\app\bin;C:\Users\Shivam kashyap\AppData\Local\JetBrains\Toolbox\scripts
USERNAME=Shivam kashyap
OS=Windows_NT
PROCESSOR_IDENTIFIER=AMD64 Family 25 Model 80 Stepping 0, AuthenticAMD
TMP=C:\Users\SHIVAM~1\AppData\Local\Temp
TEMP=C:\Users\SHIVAM~1\AppData\Local\Temp




Periodic native trim disabled

---------------  S Y S T E M  ---------------

OS:
 Windows 11 , 64 bit Build 26100 (10.0.26100.8246)
OS uptime: 11 days 11:00 hours

CPU: total 12 (initial active 12) (12 cores per cpu, 2 threads per core) family 25 model 80 stepping 0 microcode 0xa50000d, cx8, cmov, fxsr, ht, mmx, 3dnowpref, sse, sse2, sse3, ssse3, sse4a, sse4.1, sse4.2, popcnt, lzcnt, tsc, tscinvbit, avx, avx2, aes, erms, clmul, bmi1, bmi2, adx, sha, fma, vzeroupper, clflush, clflushopt, rdtscp, rdpid, fsrm, f16c, pku, cet_ss
Processor Information for processor 0
  Max Mhz: 3301, Current Mhz: 3301, Mhz Limit: 3301
Processor Information for processor 1
  Max Mhz: 3301, Current Mhz: 2011, Mhz Limit: 3301
Processor Information for processor 2
  Max Mhz: 3301, Current Mhz: 2011, Mhz Limit: 3301
Processor Information for processor 3
  Max Mhz: 3301, Current Mhz: 2011, Mhz Limit: 3301
Processor Information for processor 4
  Max Mhz: 3301, Current Mhz: 2011, Mhz Limit: 3301
Processor Information for processor 5
  Max Mhz: 3301, Current Mhz: 2011, Mhz Limit: 3301
Processor Information for processor 6
  Max Mhz: 3301, Current Mhz: 2011, Mhz Limit: 3301
Processor Information for processor 7
  Max Mhz: 3301, Current Mhz: 2011, Mhz Limit: 3301
Processor Information for processor 8
  Max Mhz: 3301, Current Mhz: 2011, Mhz Limit: 3301
Processor Information for processor 9
  Max Mhz: 3301, Current Mhz: 2011, Mhz Limit: 3301
Processor Information for processor 10
  Max Mhz: 3301, Current Mhz: 3301, Mhz Limit: 3301
Processor Information for processor 11
  Max Mhz: 3301, Current Mhz: 2011, Mhz Limit: 3301

Memory: 4k page, system-wide physical 7521M (285M free)
TotalPageFile size 31073M (AvailPageFile size 0M)
current process WorkingSet (physical memory assigned to process): 16M, peak: 359M
current process commit charge ("private bytes"): 426M, peak: 597M

vm_info: OpenJDK 64-Bit Server VM (21.0.10+7-LTS) for windows-amd64 JRE (21.0.10+7-LTS), built on 2026-01-20T00:00:00Z by "admin" with MS VC++ 17.12 (VS2022)

END.
